2021-06-23T10:15:58.496Z - GET / 404 96 B - 2.673 ms
2021-06-23T10:15:58.543Z - GET /favicon.ico 404 96 B - 0.931 ms
2021-06-23T11:41:38.192Z - GET / 404 96 B - 2.457 ms
2021-06-23T11:41:43.222Z - GET / 404 96 B - 0.468 ms
2021-06-23T11:42:09.462Z - GET / 404 96 B - 0.318 ms
2021-06-23T11:42:22.896Z - GET / 404 96 B - 0.376 ms
2021-06-23T11:42:59.509Z - GET / 404 96 B - 0.254 ms
2021-06-23T11:44:41.940Z - GET / 404 96 B - 2.150 ms
2021-06-23T11:50:08.216Z - GET / 404 96 B - 3.532 ms
2021-06-23T11:50:13.518Z - GET / 404 96 B - 0.386 ms
2021-06-23T11:50:30.290Z - GET / 404 96 B - 2.455 ms
2021-06-23T11:55:14.120Z - GET / 404 96 B - 2.264 ms
2021-06-23T11:55:24.551Z - GET /weather 404 96 B - 0.549 ms
2021-06-23T11:55:41.572Z - GET /weather 404 96 B - 0.384 ms
2021-06-23T11:55:59.158Z - GET /users 404 96 B - 0.240 ms
2021-06-23T11:56:06.661Z - GET /weather 404 96 B - 0.244 ms
2021-06-23T11:57:40.252Z - GET /api/weather 403 102 B - 3.724 ms
2021-06-23T11:58:33.416Z - GET /api/weather 200 351 B - 5.569 ms
2021-06-23T12:16:53.232Z - GET /api/weather 200 351 B - 5.121 ms
2021-06-23T12:16:57.302Z - GET /api/weather 200 351 B - 2.383 ms
2021-06-23T13:35:36.699Z - GET /api/weather 200 351 B - 5.861 ms
2021-06-23T13:35:40.851Z - GET /api/weather 200 351 B - 2.257 ms
2021-06-23T13:36:41.257Z - GET /api/weather 200 351 B - 5.200 ms
2021-06-23T13:37:20.904Z - GET /api/weather 200 351 B - 2.289 ms
2021-06-23T13:37:33.394Z - GET /api/weather 200 351 B - 2.300 ms
2021-06-23T13:37:54.905Z - GET /api/weather 200 351 B - 2.540 ms
2021-06-23T13:42:10.239Z - GET /api/weather 200 351 B - 1.915 ms
2021-06-23T13:42:24.957Z - GET /api/weather 200 351 B - 1.917 ms
2021-06-23T13:42:28.460Z - GET /api/weather 200 351 B - 1.864 ms
2021-06-23T13:42:44.476Z - GET /api/weather 200 351 B - 1.860 ms
2021-06-23T13:43:08.357Z - GET /api/weather 200 351 B - 1.736 ms
2021-06-23T13:43:25.458Z - GET /api/weather 200 351 B - 1.829 ms
2021-06-23T13:43:51.292Z - GET /api/weather 200 351 B - 1.756 ms
2021-06-23T13:44:09.589Z - GET /api/weather 200 351 B - 2.608 ms
2021-06-23T13:44:59.681Z - GET /api/weather 200 351 B - 2.032 ms
2021-06-23T13:49:18.927Z - GET /api/weather 200 351 B - 1.937 ms
2021-06-23T13:49:23.526Z - GET /api/weather 200 351 B - 1.788 ms
2021-06-23T13:58:14.600Z - GET /api/weather 200 351 B - 1.990 ms
2021-06-23T13:58:18.322Z - GET /api/weather 200 351 B - 2.413 ms
2021-06-23T13:59:41.926Z - GET /api/weather 200 351 B - 1.750 ms
2021-06-23T14:00:03.773Z - GET /api/weather 200 351 B - 1.732 ms
2021-06-23T14:00:19.101Z - GET /api/weather 200 351 B - 1.984 ms
2021-06-23T14:00:55.894Z - GET /api/weather 200 351 B - 1.777 ms
2021-06-23T14:01:22.275Z - GET /api/weather 200 351 B - 1.803 ms
2021-06-23T14:01:30.049Z - GET /api/weather 200 351 B - 1.706 ms
2021-06-23T14:01:33.864Z - GET /api/weather 200 351 B - 1.659 ms
2021-06-23T14:02:33.455Z - GET /api/weather 200 351 B - 10.556 ms
2021-06-23T14:04:38.877Z - GET /api/weather 200 351 B - 12.749 ms
2021-06-23T14:05:36.667Z - GET /api/weather 200 351 B - 11.346 ms
2021-06-23T14:05:41.423Z - GET /api/weather 200 351 B - 5.049 ms
2021-06-23T14:06:20.644Z - GET /api/weather 200 351 B - 13.517 ms
2021-06-23T14:06:46.538Z - GET /api/weather 200 351 B - 11.310 ms
2021-06-23T14:10:46.808Z - GET /api/weather 200 351 B - 14.115 ms
2021-06-23T14:18:42.084Z - GET /api/weather 200 351 B - 19.029 ms
2021-06-23T14:20:44.943Z - GET /api/weather 200 351 B - 5.697 ms
2021-06-23T14:21:31.568Z - GET /api/weather 200 351 B - 2.811 ms
2021-06-23T14:21:44.817Z - GET /api/weather 200 351 B - 2.731 ms
2021-06-23T14:22:37.147Z - GET /api/weather 200 351 B - 1.924 ms
2021-06-23T14:37:36.678Z - GET /api/weather 200 351 B - 2.381 ms
2021-06-23T14:39:52.517Z - GET /api/weather 200 351 B - 1.940 ms
2021-06-23T14:40:53.803Z - GET /api/weather 200 351 B - 2.914 ms
2021-06-23T14:42:03.300Z - GET /api/weather 200 351 B - 1.971 ms
2021-06-23T14:42:05.630Z - GET /api/weather 200 351 B - 2.066 ms
2021-06-23T14:42:13.708Z - GET /api/weather 200 351 B - 2.358 ms
2021-06-23T14:47:34.154Z - GET /api/weather 200 6841 B - 79.346 ms
2021-06-23T14:48:02.166Z - GET /api/weather 200 6841 B - 64.929 ms
