2021-07-02T07:16:08.577Z - GET /api/weather 200 6513 B - 6.827 ms
2021-07-02T07:16:20.684Z - GET /api/city/name/m 404 96 B - 377.498 ms
2021-07-02T07:16:22.465Z - GET /api/city/name/mo 404 96 B - 262.433 ms
2021-07-02T07:16:26.072Z - GET /api/city/name/mos 200 500 B - 274.317 ms
2021-07-02T07:16:31.991Z - GET /api/city/name/moscow 200 522 B - 478.056 ms
2021-07-02T07:16:40.539Z - POST /api/weather 200 22 B - 139.242 ms
2021-07-02T07:16:56.420Z - GET /api/weather 200 7073 B - 3.459 ms
2021-07-02T07:18:49.731Z - GET /api/weather 200 5406 B - 7.468 ms
2021-07-02T07:19:46.369Z - GET /api/weather 200 5406 B - 4.583 ms
2021-07-02T07:20:03.111Z - GET /api/city/name/Ne 404 96 B - 892.781 ms
2021-07-02T07:20:05.365Z - GET /api/city/name/Nevesinje 200 515 B - 1572.118 ms
2021-07-02T07:20:07.018Z - POST /api/weather 200 22 B - 209.932 ms
2021-07-02T07:20:10.954Z - GET /api/weather 200 5920 B - 2.783 ms
2021-07-02T07:31:14.391Z - GET /api/weather 200 5920 B - 3.352 ms
2021-07-02T07:31:39.388Z - GET /api/weather 200 5920 B - 2.564 ms
2021-07-02T07:33:16.606Z - GET /api/weather 200 5920 B - 3.381 ms
2021-07-02T07:34:23.631Z - GET /api/weather 200 5920 B - 2.399 ms
2021-07-02T07:36:03.104Z - GET /api/city/name/mos 200 497 B - 404.186 ms
2021-07-02T07:36:03.855Z - GET /api/city/name/mosvo 404 96 B - 338.986 ms
2021-07-02T07:36:04.839Z - GET /api/city/name/mosv 404 96 B - 298.681 ms
2021-07-02T07:36:06.633Z - GET /api/city/name/mo 404 96 B - 316.890 ms
2021-07-02T07:36:07.847Z - GET /api/city/name/moscow 200 520 B - 255.987 ms
2021-07-02T07:38:03.680Z - GET /api/weather 200 5920 B - 3.082 ms
2021-07-02T07:38:11.013Z - GET /api/city/name/moscow 200 520 B - 250.289 ms
2021-07-02T07:38:16.331Z - POST /api/weather 200 22 B - 127.195 ms
2021-07-02T07:38:19.806Z - GET /api/weather 200 6478 B - 2.664 ms
2021-07-02T07:38:25.790Z - GET /api/city/name/Banja 200 514 B - 279.940 ms
2021-07-02T07:38:26.916Z - GET /api/city/name/Banjaluka 200 512 B - 339.576 ms
2021-07-02T07:38:30.887Z - POST /api/weather 200 22 B - 124.341 ms
2021-07-02T07:38:34.619Z - GET /api/weather 200 7028 B - 2.812 ms
2021-07-02T07:38:43.799Z - GET /api/city/name/nis 200 474 B - 309.403 ms
2021-07-02T07:39:24.875Z - GET /api/weather 200 7028 B - 3.033 ms
2021-07-02T07:40:39.231Z - GET /api/city/name/paris 200 466 B - 255.149 ms
2021-07-02T07:42:01.620Z - GET /api/weather 200 7044 B - 2.442 ms
2021-07-02T07:42:08.182Z - GET /api/city/name/moscow 200 521 B - 536.875 ms
2021-07-02T07:44:05.470Z - GET /api/weather 200 7044 B - 2.443 ms
2021-07-02T07:44:09.873Z - GET /api/city/name/paris 200 466 B - 357.398 ms
2021-07-02T07:44:21.936Z - GET /api/city/name/pari 200 504 B - 292.370 ms
2021-07-02T07:47:25.343Z - GET /api/weather 200 7044 B - 3.358 ms
2021-07-02T07:50:30.705Z - GET /api/weather 200 7044 B - 2.623 ms
2021-07-02T07:50:36.843Z - GET /api/weather 200 7044 B - 2.522 ms
2021-07-02T07:50:42.539Z - GET /api/city/name/paris 200 465 B - 304.962 ms
2021-07-02T07:52:00.485Z - GET /api/weather 200 7044 B - 2.775 ms
2021-07-02T07:52:05.958Z - GET /api/city/name/paris 200 465 B - 250.784 ms
2021-07-02T07:52:29.223Z - GET /api/city/name/pari 200 504 B - 260.386 ms
2021-07-02T07:52:34.502Z - GET /api/city/name/par 200 516 B - 259.347 ms
2021-07-02T07:54:21.133Z - GET /api/city/name/pari 200 504 B - 268.087 ms
2021-07-02T07:54:42.590Z - GET /api/city/name/paris 200 465 B - 543.684 ms
2021-07-02T07:59:16.645Z - GET /api/weather 200 7044 B - 2.445 ms
2021-07-02T07:59:35.603Z - GET /api/weather 200 7044 B - 2.420 ms
2021-07-02T07:59:44.456Z - GET /api/city/name/fgfg - - B - - ms
2021-07-02T07:59:45.079Z - GET /api/city/name/fgfgfgfgfg 404 96 B - 615.231 ms
2021-07-02T07:59:46.734Z - GET /api/city/name/fgfgfgfgf 404 96 B - 343.567 ms
2021-07-02T07:59:50.767Z - GET /api/city/name/Ne 404 96 B - 245.953 ms
2021-07-02T07:59:51.711Z - GET /api/city/name/Neve 404 96 B - 305.792 ms
2021-07-02T07:59:52.971Z - GET /api/city/name/Neves 200 505 B - 269.984 ms
2021-07-02T07:59:54.833Z - GET /api/city/name/Nevesinje 200 518 B - 276.562 ms
2021-07-02T07:59:58.421Z - GET /api/city/name/Nevesinj 404 96 B - 270.729 ms
2021-07-02T08:00:02.018Z - GET /api/city/name/Par - - B - - ms
2021-07-02T08:00:04.045Z - GET /api/city/name/Paris 200 464 B - 2021.585 ms
2021-07-02T08:00:33.588Z - POST /api/weather 200 22 B - 130.554 ms
2021-07-02T08:00:41.610Z - GET /api/weather 200 7582 B - 2.624 ms
2021-07-02T08:00:55.118Z - GET /api/city/name/madrid 200 482 B - 289.670 ms
2021-07-02T08:03:09.259Z - GET /api/weather 200 7582 B - 8.131 ms
2021-07-02T08:03:17.566Z - GET /api/city/name/madrid 200 484 B - 327.751 ms
2021-07-02T08:03:28.170Z - POST /api/weather 200 22 B - 134.980 ms
2021-07-02T08:03:31.042Z - GET /api/weather 200 8102 B - 4.277 ms
2021-07-02T08:06:19.479Z - GET /api/weather 200 8102 B - 3.910 ms
2021-07-02T08:06:32.852Z - GET /api/weather 200 8102 B - 2.923 ms
2021-07-02T08:07:03.563Z - GET /api/city/name/s 200 2 B - 563.312 ms
2021-07-02T08:07:07.990Z - GET /api/city/name/barcelona 200 485 B - 265.136 ms
2021-07-02T08:07:12.789Z - POST /api/weather 200 22 B - 169.190 ms
2021-07-02T08:09:27.829Z - GET /api/weather 200 8623 B - 3.616 ms
2021-07-02T08:09:50.478Z - GET /api/weather 200 8623 B - 3.868 ms
2021-07-02T08:10:28.898Z - GET /api/city/name/lon 200 497 B - 313.080 ms
2021-07-02T08:10:30.424Z - GET /api/city/name/lond 200 2 B - 251.014 ms
2021-07-02T08:10:32.909Z - GET /api/city/name/londo 200 2 B - 317.687 ms
2021-07-02T08:10:34.606Z - GET /api/city/name/london 200 474 B - 273.875 ms
2021-07-02T08:10:36.987Z - GET /api/city/name/l 200 2 B - 259.612 ms
2021-07-02T08:12:52.859Z - GET /api/city/name/p 200 2 B - 306.019 ms
2021-07-02T08:12:53.813Z - GET /api/city/name/pa 200 2 B - 270.625 ms
2021-07-02T08:12:55.147Z - GET /api/city/name/par 200 518 B - 288.416 ms
2021-07-02T08:12:59.437Z - GET /api/city/name/v 200 2 B - 282.331 ms
2021-07-02T08:13:00.609Z - GET /api/city/name/vr 200 2 B - 421.248 ms
2021-07-02T08:13:01.568Z - GET /api/city/name/vra 200 521 B - 354.616 ms
2021-07-02T08:13:03.060Z - GET /api/city/name/vran 200 2 B - 290.493 ms
2021-07-02T08:13:04.577Z - GET /api/city/name/vranj 200 468 B - 435.465 ms
2021-07-02T08:13:06.106Z - GET /api/city/name/vranje 200 515 B - 303.334 ms
2021-07-02T08:13:33.058Z - GET /api/city/name/vranj 200 468 B - 256.297 ms
2021-07-02T08:13:39.128Z - GET /api/weather 200 8623 B - 3.374 ms
2021-07-02T08:16:25.308Z - GET /api/city/name/be 200 2 B - 354.089 ms
2021-07-02T08:16:25.659Z - GET /api/city/name/bel 200 519 B - 281.215 ms
2021-07-02T08:16:26.794Z - GET /api/city/name/belgrad 200 475 B - 272.779 ms
2021-07-02T08:16:46.849Z - GET /api/city/name/belgra 200 2 B - 333.605 ms
2021-07-02T08:16:50.016Z - GET /api/city/name/beograd 200 475 B - 306.311 ms
2021-07-02T08:22:48.341Z - GET /api/city/name/beog 200 2 B - 324.280 ms
2021-07-02T08:24:06.255Z - GET /api/weather 200 8588 B - 2.863 ms
2021-07-02T08:24:16.960Z - GET /api/city/name/be 200 2 B - 291.988 ms
2021-07-02T08:24:18.168Z - GET /api/city/name/beograd 200 475 B - 252.043 ms
2021-07-02T08:24:41.211Z - GET /api/weather 200 8588 B - 2.801 ms
2021-07-02T08:25:56.787Z - GET /api/city/name/malaga 200 487 B - 295.796 ms
2021-07-02T08:25:59.999Z - POST /api/weather 200 22 B - 139.290 ms
2021-07-02T08:28:48.208Z - GET /api/weather 200 9111 B - 3.172 ms
2021-07-02T08:32:29.281Z - GET /api/weather 200 9111 B - 3.481 ms
2021-07-02T08:33:12.495Z - GET /api/weather 200 9111 B - 2.713 ms
2021-07-02T08:33:14.369Z - GET /api/weather 200 9111 B - 2.854 ms
2021-07-02T08:33:45.008Z - GET /api/weather 200 9111 B - 2.884 ms
2021-07-02T08:34:43.041Z - GET /api/city/name/beo 200 2 B - 354.682 ms
2021-07-02T08:34:45.406Z - GET /api/city/name/beograd 200 471 B - 236.070 ms
2021-07-02T08:36:33.659Z - GET /api/weather 200 9111 B - 2.691 ms
2021-07-02T08:36:39.804Z - GET /api/city/name/beograd 200 471 B - 271.691 ms
2021-07-02T08:36:45.186Z - GET /api/city/name/beogra 200 2 B - 317.924 ms
2021-07-02T08:36:47.132Z - GET /api/city/name/beo - - B - - ms
2021-07-02T08:36:56.605Z - GET /api/weather 200 9111 B - 2.648 ms
2021-07-02T08:37:24.167Z - GET /api/weather 200 9111 B - 3.487 ms
2021-07-02T08:37:40.009Z - GET /api/city/name/budva 200 466 B - 274.552 ms
2021-07-02T08:38:01.621Z - GET /api/weather 200 9111 B - 4.255 ms
2021-07-02T08:38:21.446Z - GET /api/weather 200 9111 B - 2.660 ms
2021-07-02T08:38:50.207Z - GET /api/weather 200 9111 B - 2.641 ms
2021-07-02T08:38:56.193Z - GET /api/city/name/budva 200 466 B - 236.474 ms
2021-07-02T08:39:01.128Z - GET /api/city/name/budv 200 2 B - 309.785 ms
2021-07-02T08:39:02.170Z - GET /api/city/name/bud - - B - - ms
2021-07-02T08:39:02.611Z - GET /api/city/name/bu 200 2 B - 433.241 ms
2021-07-02T08:41:40.125Z - GET /api/weather 200 9079 B - 3.020 ms
2021-07-02T08:41:44.160Z - GET /api/city/name/as 200 2 B - 265.353 ms
2021-07-02T08:41:46.949Z - GET /api/city/name/ast 200 487 B - 340.822 ms
2021-07-02T08:41:47.810Z - GET /api/city/name/asta 200 2 B - 316.166 ms
2021-07-02T08:41:50.132Z - GET /api/city/name/astan 200 2 B - 260.481 ms
2021-07-02T08:41:52.175Z - GET /api/city/name/astana 200 470 B - 243.617 ms
2021-07-02T08:42:12.953Z - GET /api/weather 200 9079 B - 2.879 ms
2021-07-02T08:42:18.179Z - GET /api/city/name/astana 200 470 B - 304.858 ms
2021-07-02T08:44:29.790Z - GET /api/weather 200 9079 B - 2.979 ms
2021-07-02T08:44:35.075Z - GET /api/city/name/anstana 200 2 B - 395.737 ms
2021-07-02T08:44:37.130Z - GET /api/city/name/anstan 200 2 B - 297.862 ms
2021-07-02T08:44:39.144Z - GET /api/city/name/astana 200 470 B - 280.417 ms
2021-07-02T08:44:42.128Z - GET /api/city/name/astan 200 2 B - 311.678 ms
2021-07-02T08:44:55.653Z - GET /api/weather 200 9079 B - 4.730 ms
2021-07-02T08:45:00.090Z - GET /api/city/name/astana 200 470 B - 254.621 ms
2021-07-02T08:45:54.781Z - GET /api/weather 200 9079 B - 2.684 ms
2021-07-02T08:46:02.101Z - GET /api/city/name/astana 200 470 B - 251.342 ms
2021-07-02T08:47:03.627Z - GET /api/weather 200 9079 B - 2.709 ms
2021-07-02T08:47:05.352Z - GET /api/weather 200 9079 B - 3.882 ms
2021-07-02T08:47:10.646Z - GET /api/city/name/belgrade 200 474 B - 240.693 ms
2021-07-02T08:47:42.912Z - GET /api/weather 200 9079 B - 2.612 ms
2021-07-02T08:47:51.257Z - GET /api/city/name/belgrade 200 474 B - 243.569 ms
2021-07-02T08:48:42.380Z - GET /api/city/name/belgrad 200 474 B - 241.371 ms
2021-07-02T08:48:49.925Z - GET /api/city/name/treb 200 2 B - 323.466 ms
2021-07-02T08:48:50.316Z - GET /api/city/name/tre 200 2 B - 272.901 ms
2021-07-02T08:48:51.058Z - GET /api/city/name/t 200 2 B - 316.003 ms
2021-07-02T08:48:53.558Z - GET /api/city/name/milan 200 482 B - 261.384 ms
2021-07-02T08:48:53.992Z - GET /api/city/name/milano 200 481 B - 259.484 ms
2021-07-02T08:48:58.006Z - GET /api/city/name/napoli 200 475 B - 246.523 ms
2021-07-02T08:49:00.026Z - POST /api/weather 200 22 B - 141.746 ms
2021-07-02T08:49:04.118Z - GET /api/weather 200 9590 B - 3.126 ms
2021-07-02T08:50:17.180Z - GET /api/city/name/rome 200 553 B - 435.038 ms
2021-07-02T08:50:55.780Z - GET /api/weather 200 9590 B - 3.283 ms
2021-07-02T08:51:30.172Z - GET /api/city/name/Rome 200 553 B - 237.549 ms
2021-07-02T08:51:31.967Z - POST /api/weather 200 22 B - 130.493 ms
2021-07-02T08:51:35.235Z - GET /api/weather 200 10179 B - 3.244 ms
2021-07-02T08:51:47.235Z - GET /api/city/name/roma 200 467 B - 244.257 ms
2021-07-02T08:51:52.492Z - GET /api/city/name/lazio 200 464 B - 245.307 ms
2021-07-02T08:51:56.460Z - POST /api/weather 200 22 B - 128.027 ms
2021-07-02T08:52:00.753Z - GET /api/weather 200 10679 B - 2.932 ms
2021-07-02T08:52:08.176Z - GET /api/city/name/roma 200 467 B - 253.559 ms
2021-07-02T08:52:09.266Z - POST /api/weather 200 22 B - 125.457 ms
2021-07-02T08:52:11.519Z - GET /api/weather 200 11182 B - 2.940 ms
2021-07-02T08:52:41.856Z - GET /api/weather 200 2 B - 2.143 ms
2021-07-02T08:52:53.477Z - GET /api/city/name/ankara 200 486 B - 253.798 ms
2021-07-02T08:52:54.850Z - GET /api/city/name/ankar 200 2 B - 304.349 ms
2021-07-02T08:52:56.759Z - GET /api/city/name/rim 200 468 B - 249.046 ms
2021-07-02T08:52:59.302Z - POST /api/weather 200 22 B - 121.856 ms
2021-07-02T08:53:01.192Z - GET /api/weather 200 505 B - 1.975 ms
2021-07-02T08:53:31.619Z - GET /api/weather 200 5894 B - 7.539 ms
2021-07-02T08:54:24.641Z - GET /api/city/name/bel 200 520 B - 324.016 ms
2021-07-02T08:54:25.637Z - GET /api/city/name/belgrade 200 481 B - 281.252 ms
2021-07-02T08:54:35.023Z - POST /api/weather 200 22 B - 131.488 ms
2021-07-02T08:54:38.135Z - GET /api/weather 200 6411 B - 3.883 ms
2021-07-02T09:09:18.672Z - GET /api/city/name/Nevesinje 200 524 B - 312.850 ms
2021-07-02T09:09:21.667Z - POST /api/weather 200 22 B - 124.506 ms
2021-07-02T09:09:26.768Z - GET /api/weather 200 7032 B - 2.979 ms
2021-07-02T09:10:43.967Z - GET /api/weather 200 6474 B - 2.725 ms
2021-07-02T09:11:21.673Z - GET /api/city/name/Banjaluka 200 517 B - 247.478 ms
2021-07-02T09:11:23.183Z - POST /api/weather 200 22 B - 128.869 ms
2021-07-02T09:11:29.863Z - GET /api/weather 200 7027 B - 2.742 ms
2021-07-02T09:13:16.967Z - GET /api/weather 200 7027 B - 2.615 ms
2021-07-02T09:13:22.603Z - GET /api/city/name/barcelona 200 469 B - 318.903 ms
2021-07-02T09:13:26.989Z - POST /api/weather 200 22 B - 134.179 ms
2021-07-02T09:13:33.245Z - GET /api/weather 200 7532 B - 3.045 ms
2021-07-02T09:14:08.115Z - GET /api/weather 200 7532 B - 2.593 ms
2021-07-02T09:15:51.818Z - GET /api/weather 200 7532 B - 3.551 ms
2021-07-02T09:19:41.885Z - GET /api/weather 200 7532 B - 7.576 ms
2021-07-02T09:19:47.524Z - GET /api/city/name/malaga 200 472 B - 382.825 ms
2021-07-02T09:19:51.348Z - POST /api/weather 200 22 B - 134.180 ms
2021-07-02T09:19:55.226Z - GET /api/weather 200 8040 B - 4.464 ms
2021-07-02T09:21:38.769Z - GET /api/weather 200 8075 B - 2.863 ms
2021-07-02T09:21:45.910Z - GET /api/weather 200 8075 B - 2.807 ms
2021-07-02T09:21:57.288Z - GET /api/weather 200 8075 B - 2.975 ms
2021-07-02T09:22:31.526Z - GET /api/weather 200 8075 B - 3.545 ms
2021-07-02T09:22:37.444Z - GET /api/weather 200 8075 B - 2.974 ms
2021-07-02T09:22:42.640Z - GET /api/weather 200 8075 B - 2.996 ms
2021-07-02T09:22:48.693Z - GET /api/weather 200 8075 B - 3.589 ms
2021-07-02T09:24:14.765Z - GET /api/weather 200 8075 B - 3.009 ms
2021-07-02T09:24:53.570Z - GET /api/weather 200 8075 B - 3.238 ms
2021-07-02T09:25:07.495Z - GET /api/weather 200 8075 B - 2.684 ms
2021-07-02T09:25:28.321Z - GET /api/weather 200 8075 B - 3.749 ms
2021-07-02T09:26:38.724Z - GET /api/weather 200 8075 B - 2.838 ms
2021-07-02T09:27:10.892Z - GET /api/weather 200 8075 B - 3.542 ms
2021-07-02T09:31:37.339Z - GET /api/weather 200 8075 B - 2.727 ms
2021-07-02T09:32:40.296Z - GET /api/weather 200 8075 B - 3.058 ms
2021-07-02T09:33:28.900Z - GET /api/weather 200 8075 B - 2.640 ms
2021-07-02T09:34:43.997Z - GET /api/weather 200 8075 B - 2.882 ms
2021-07-02T09:38:30.048Z - GET /api/weather 200 8075 B - 2.614 ms
2021-07-02T09:38:32.496Z - GET /api/weather 200 8075 B - 3.306 ms
2021-07-02T09:38:35.642Z - POST /api/weather 500 170 B - 224.071 ms
2021-07-02T09:38:53.691Z - GET /api/city/name/petrograd 200 2 B - 267.536 ms
2021-07-02T09:38:55.611Z - GET /api/city/name/petrogra 200 2 B - 314.028 ms
2021-07-02T09:38:57.537Z - GET /api/city/name/san 200 499 B - 273.862 ms
2021-07-02T09:38:58.359Z - GET /api/city/name/sankt 200 2 B - 304.814 ms
2021-07-02T09:39:01.047Z - GET /api/city/name/sankt%20pe 200 2 B - 287.506 ms
2021-07-02T09:39:01.813Z - GET /api/city/name/sankt%20pete 200 2 B - 500.412 ms
2021-07-02T09:39:02.622Z - GET /api/city/name/sankt%20peter 200 494 B - 671.296 ms
2021-07-02T09:39:03.252Z - GET /api/city/name/sankt%20peters 200 2 B - 629.176 ms
2021-07-02T09:39:05.166Z - GET /api/city/name/sankt%20petersb 200 2 B - 659.131 ms
2021-07-02T09:39:06.256Z - GET /api/city/name/sankt%20petersburg 200 500 B - 636.309 ms
2021-07-02T09:39:10.405Z - POST /api/weather 200 22 B - 141.343 ms
2021-07-02T09:39:16.020Z - GET /api/weather 200 8611 B - 2.940 ms
2021-07-02T09:39:36.115Z - GET /api/weather 200 8611 B - 3.784 ms
2021-07-02T09:39:58.862Z - GET /api/weather 200 8611 B - 2.893 ms
2021-07-02T09:40:06.251Z - GET /api/city/name/mo 200 2 B - 482.109 ms
2021-07-02T09:40:07.323Z - GET /api/city/name/moscow 200 523 B - 516.336 ms
2021-07-02T09:40:09.874Z - POST /api/weather 200 22 B - 130.133 ms
2021-07-02T09:40:15.208Z - GET /api/weather 200 9125 B - 2.641 ms
2021-07-02T09:41:31.939Z - GET /api/weather 200 5372 B - 2.628 ms
2021-07-02T09:52:49.414Z - GET /api/weather 200 5372 B - 5.521 ms
2021-07-02T09:52:50.834Z - GET /api/weather 200 5372 B - 2.299 ms
2021-07-02T09:52:57.823Z - GET /api/weather 200 5372 B - 2.972 ms
2021-07-02T09:53:02.972Z - GET /api/weather 200 5372 B - 3.292 ms
2021-07-02T09:53:06.886Z - GET /api/city/name/Nevesi 200 2 B - 671.554 ms
2021-07-02T09:53:07.408Z - GET /api/city/name/Nevesinje 200 527 B - 324.101 ms
2021-07-02T09:53:09.195Z - POST /api/weather 200 22 B - 130.014 ms
2021-07-02T09:53:13.628Z - GET /api/weather 200 5935 B - 3.218 ms
2021-07-02T09:53:34.077Z - GET /api/weather 200 5935 B - 3.338 ms
2021-07-02T09:53:35.864Z - GET /api/weather 200 5935 B - 2.657 ms
2021-07-02T09:53:42.154Z - GET /api/city/name/banjaluka 200 519 B - 271.344 ms
2021-07-02T09:53:44.011Z - POST /api/weather 200 22 B - 132.252 ms
2021-07-02T09:54:00.191Z - GET /api/weather 200 6490 B - 2.463 ms
2021-07-02T09:57:05.629Z - GET /api/weather 200 6490 B - 2.761 ms
2021-07-02T09:57:25.157Z - GET /api/weather 200 6490 B - 2.429 ms
2021-07-02T09:57:31.626Z - GET /api/weather 200 6490 B - 2.905 ms
2021-07-02T09:57:37.351Z - GET /api/city/name/London 200 477 B - 291.674 ms
2021-07-02T09:57:38.709Z - POST /api/weather 200 22 B - 133.805 ms
2021-07-02T09:58:36.846Z - GET /api/weather 200 7003 B - 3.290 ms
2021-07-02T09:58:55.350Z - GET /api/weather 200 7003 B - 2.484 ms
2021-07-02T09:59:09.053Z - GET /api/weather 200 7003 B - 2.566 ms
2021-07-02T09:59:17.820Z - GET /api/weather 200 7003 B - 2.515 ms
2021-07-02T09:59:26.977Z - GET /api/city/name/Ma 200 2 B - 268.055 ms
2021-07-02T09:59:28.118Z - GET /api/city/name/Malaga 200 463 B - 240.521 ms
2021-07-02T09:59:30.943Z - POST /api/weather 200 22 B - 135.369 ms
2021-07-02T09:59:51.496Z - GET /api/weather 200 7502 B - 2.534 ms
2021-07-02T09:59:54.086Z - GET /api/weather 200 7502 B - 3.251 ms
2021-07-02T10:00:01.279Z - GET /api/city/name/Liverpool 200 479 B - 949.144 ms
2021-07-02T10:00:05.027Z - POST /api/weather 200 22 B - 1819.234 ms
2021-07-02T10:00:09.489Z - GET /api/weather 200 8017 B - 2.659 ms
2021-07-02T10:04:09.310Z - GET /api/weather 200 8038 B - 4.451 ms
2021-07-02T10:04:17.380Z - GET /api/city/name/Glas 200 473 B - 324.566 ms
2021-07-02T10:04:18.246Z - GET /api/city/name/Glasgow 200 473 B - 328.355 ms
2021-07-02T10:04:20.089Z - POST /api/weather 200 22 B - 145.005 ms
2021-07-02T10:04:27.354Z - GET /api/weather 200 8547 B - 3.628 ms
2021-07-02T10:05:11.877Z - GET /api/weather 200 8547 B - 5.133 ms
2021-07-02T10:05:18.356Z - GET /api/city/name/Trebinje 200 470 B - 274.717 ms
2021-07-02T10:05:20.309Z - POST /api/weather 200 22 B - 124.400 ms
2021-07-02T10:05:24.138Z - GET /api/weather 200 9053 B - 3.272 ms
2021-07-02T10:05:32.686Z - GET /api/city/name/Nevesinje 200 526 B - 385.379 ms
2021-07-02T10:05:49.045Z - GET /api/city/name/Trebinje 200 470 B - 322.796 ms
2021-07-02T10:07:21.779Z - GET /api/weather 200 9053 B - 2.652 ms
2021-07-02T10:07:29.685Z - GET /api/weather 200 9053 B - 5.430 ms
2021-07-02T10:57:33.262Z - GET /api/weather 200 9073 B - 2.960 ms
2021-07-02T10:58:19.591Z - GET /api/city/name/kotor 200 468 B - 315.092 ms
2021-07-02T10:58:21.114Z - GET /api/city/name/kotor%20varos 200 527 B - 276.973 ms
2021-07-02T10:58:22.612Z - GET /api/city/name/kotor%20varo 200 2 B - 317.431 ms
2021-07-02T10:58:26.979Z - GET /api/city/name/sip[ 200 2 B - 318.862 ms
2021-07-02T10:58:29.604Z - GET /api/city/name/jezero 200 520 B - 299.003 ms
2021-07-02T10:58:33.505Z - GET /api/city/name/sipovo 200 522 B - 283.062 ms
2021-07-02T11:18:39.808Z - GET /api/weather 200 9101 B - 3.121 ms
