2021-07-05T07:08:01.059Z - GET /api/weather 200 9063 B - 8.888 ms
2021-07-05T07:08:01.125Z - GET /favicon.ico 404 96 B - 1.576 ms
2021-07-05T07:08:06.439Z - GET /api/weather 200 9063 B - 9.476 ms
2021-07-05T07:08:22.721Z - GET /api/city/name/B 200 2 B - 390.475 ms
2021-07-05T07:08:28.017Z - GET /api/city/name/Mar 200 486 B - 281.409 ms
2021-07-05T07:08:28.585Z - GET /api/city/name/Marse 200 501 B - 294.834 ms
2021-07-05T07:08:29.921Z - GET /api/city/name/Marselle 200 2 B - 358.093 ms
2021-07-05T07:11:57.213Z - GET /api/weather 200 9063 B - 3.153 ms
2021-07-05T07:12:12.655Z - GET /api/weather 200 9063 B - 3.021 ms
2021-07-05T07:12:30.763Z - POST /api/weather 500 170 B - 192.096 ms
2021-07-05T07:12:34.760Z - GET /api/city/name/a 200 2 B - 285.463 ms
2021-07-05T07:12:36.099Z - GET /api/city/name/asadasds 200 2 B - 298.493 ms
2021-07-05T07:12:38.216Z - POST /api/weather 500 170 B - 135.190 ms
2021-07-05T07:12:42.729Z - GET /api/weather 200 9063 B - 3.831 ms
2021-07-05T07:13:13.112Z - GET /api/weather 200 9063 B - 3.886 ms
2021-07-05T07:13:22.073Z - GET /api/city/name/Mostar 200 472 B - 362.264 ms
2021-07-05T07:13:26.508Z - POST /api/weather 200 22 B - 224.502 ms
2021-07-05T07:13:55.768Z - GET /api/weather 200 9571 B - 3.948 ms
2021-07-05T07:14:00.247Z - GET /api/weather 200 9571 B - 3.195 ms
2021-07-05T07:14:04.241Z - GET /api/weather 200 9571 B - 3.724 ms
2021-07-05T07:14:10.674Z - GET /api/city/name/Belgrade 200 469 B - 251.586 ms
2021-07-05T07:14:12.820Z - POST /api/weather 200 22 B - 128.615 ms
2021-07-05T07:14:27.145Z - GET /api/weather 200 10076 B - 3.331 ms
2021-07-05T07:14:58.948Z - GET /api/weather 200 10076 B - 3.538 ms
2021-07-05T07:15:10.553Z - GET /api/city/name/S - - B - - ms
2021-07-05T07:15:11.064Z - GET /api/city/name/St - - B - - ms
2021-07-05T07:15:12.447Z - GET /api/city/name/Sto - - B - - ms
2021-07-05T07:15:13.156Z - GET /api/city/name/Stokholm 200 473 B - 703.844 ms
2021-07-05T07:16:02.180Z - GET /api/weather 200 10076 B - 3.197 ms
2021-07-05T07:16:04.517Z - GET /api/city/name/asdas 200 492 B - 269.417 ms
2021-07-05T07:16:26.412Z - GET /api/weather 200 10076 B - 3.022 ms
2021-07-05T07:16:29.901Z - GET /api/city/name/dsadsa 200 2 B - 327.616 ms
2021-07-05T07:16:33.066Z - GET /api/city/name/dsads 200 2 B - 262.160 ms
2021-07-05T07:16:44.465Z - GET /api/weather 200 10076 B - 3.099 ms
2021-07-05T07:16:49.178Z - GET /api/city/name/asd 200 2 B - 250.871 ms
2021-07-05T07:16:56.978Z - GET /api/weather 200 10076 B - 2.839 ms
2021-07-05T07:17:00.610Z - POST /api/weather 500 170 B - 132.289 ms
2021-07-05T07:17:04.578Z - GET /api/weather 200 10076 B - 3.615 ms
2021-07-05T07:17:38.229Z - GET /api/city/name/Stokholm 200 473 B - 253.189 ms
2021-07-05T07:18:16.751Z - GET /api/weather 200 10076 B - 3.141 ms
2021-07-05T07:18:19.131Z - GET /api/weather 200 10076 B - 2.944 ms
2021-07-05T07:19:02.685Z - GET /api/weather 200 10076 B - 3.420 ms
2021-07-05T07:19:09.668Z - POST /api/weather 500 170 B - 209.473 ms
2021-07-05T07:19:12.093Z - GET /api/weather 200 10076 B - 2.831 ms
2021-07-05T07:19:39.664Z - GET /api/weather 200 5954 B - 6.625 ms
2021-07-05T07:20:07.867Z - GET /api/weather 200 5931 B - 2.579 ms
2021-07-05T07:20:14.764Z - GET /api/city/name/Nevesinje 200 527 B - 438.716 ms
2021-07-05T07:20:35.327Z - GET /api/weather 200 5931 B - 2.465 ms
2021-07-05T07:21:55.380Z - GET /api/weather 200 5931 B - 2.822 ms
2021-07-05T07:22:08.496Z - GET /api/weather 200 5931 B - 3.099 ms
2021-07-05T07:22:31.440Z - GET /api/weather 200 5931 B - 2.587 ms
2021-07-05T07:22:37.968Z - GET /api/city/name/Banja 200 501 B - 357.609 ms
2021-07-05T07:23:08.839Z - GET /api/weather 200 5931 B - 2.861 ms
2021-07-05T07:23:14.485Z - GET /api/city/name/Banja 200 501 B - 305.804 ms
2021-07-05T07:23:18.687Z - GET /api/city/name/Banja%20Luka 200 524 B - 537.746 ms
2021-07-05T07:23:20.778Z - POST /api/weather 200 22 B - 158.046 ms
2021-07-05T07:23:27.864Z - GET /api/weather 200 6491 B - 3.538 ms
2021-07-05T07:23:32.281Z - GET /api/city/name/ds 200 2 B - 275.099 ms
2021-07-05T07:23:37.356Z - POST /api/weather 500 170 B - 127.208 ms
2021-07-05T07:23:39.397Z - GET /api/weather 200 6491 B - 3.128 ms
2021-07-05T07:23:47.943Z - GET /api/weather 200 6491 B - 2.740 ms
2021-07-05T07:23:53.548Z - GET /api/city/name/Banja 200 501 B - 258.236 ms
2021-07-05T07:23:56.843Z - GET /api/city/name/Banj 200 468 B - 285.034 ms
2021-07-05T07:24:04.014Z - GET /api/weather 200 6491 B - 3.458 ms
2021-07-05T07:24:25.549Z - GET /api/weather 200 6491 B - 3.527 ms
2021-07-05T07:24:45.703Z - GET /api/weather 200 6491 B - 2.921 ms
2021-07-05T07:25:07.536Z - GET /api/weather 200 6491 B - 3.522 ms
2021-07-05T07:25:15.619Z - GET /api/weather 200 6491 B - 2.540 ms
2021-07-05T07:25:25.557Z - GET /api/city/name/Banja 200 501 B - 347.683 ms
2021-07-05T07:25:53.161Z - GET /api/weather 200 6491 B - 2.719 ms
2021-07-05T07:25:55.582Z - GET /api/city/name/d 200 2 B - 273.381 ms
2021-07-05T07:25:57.382Z - GET /api/city/name/banj 200 468 B - 247.529 ms
2021-07-05T07:25:57.806Z - GET /api/city/name/banja 200 501 B - 250.428 ms
2021-07-05T07:26:13.679Z - GET /api/weather 200 6491 B - 3.411 ms
2021-07-05T07:26:20.111Z - GET /api/weather 200 6491 B - 2.522 ms
2021-07-05T07:27:02.227Z - GET /api/weather 200 6491 B - 2.677 ms
2021-07-05T07:28:19.867Z - GET /api/weather 200 6491 B - 2.642 ms
2021-07-05T07:28:24.595Z - GET /api/city/name/Banja 200 501 B - 260.712 ms
2021-07-05T07:28:38.876Z - GET /api/weather 200 6491 B - 2.644 ms
2021-07-05T07:30:30.903Z - GET /api/weather 200 6491 B - 3.153 ms
2021-07-05T07:30:38.964Z - GET /api/weather 200 6491 B - 3.635 ms
2021-07-05T07:30:44.019Z - GET /api/city/name/nest 200 477 B - 367.948 ms
2021-07-05T07:30:44.479Z - GET /api/city/name/nesto 200 2 B - 417.148 ms
2021-07-05T07:30:46.875Z - POST /api/weather 500 170 B - 125.904 ms
2021-07-05T07:30:51.914Z - GET /api/city/name/nesto= 200 2 B - 392.242 ms
2021-07-05T07:30:52.465Z - GET /api/city/name/nesto 200 2 B - 307.984 ms
2021-07-05T07:30:55.210Z - GET /api/city/name/Banja 200 501 B - 250.331 ms
2021-07-05T07:30:56.494Z - GET /api/city/name/BanjaLuka 200 524 B - 272.543 ms
2021-07-05T07:31:02.855Z - POST /api/weather 200 22 B - 239.251 ms
2021-07-05T07:31:35.885Z - GET /api/weather 200 7051 B - 2.851 ms
2021-07-05T07:31:56.538Z - GET /api/weather 200 7051 B - 2.875 ms
2021-07-05T07:32:00.635Z - GET /api/city/name/Banja 200 501 B - 243.568 ms
2021-07-05T07:32:03.693Z - GET /api/city/name/Banja%20Luka 200 524 B - 434.000 ms
2021-07-05T07:32:06.259Z - POST /api/weather 200 22 B - 158.478 ms
2021-07-05T07:32:54.478Z - GET /api/weather 200 7611 B - 3.002 ms
2021-07-05T07:32:55.932Z - GET /api/weather 200 7611 B - 2.643 ms
2021-07-05T07:33:32.117Z - GET /api/city/name/Banja 200 501 B - 293.074 ms
2021-07-05T07:33:33.420Z - GET /api/city/name/Banjaluka 200 524 B - 245.506 ms
2021-07-05T07:33:35.418Z - POST /api/weather 200 22 B - 133.943 ms
2021-07-05T07:33:47.181Z - GET /api/weather 200 6491 B - 2.473 ms
2021-07-05T07:33:51.791Z - GET /api/city/name/Malaga 200 485 B - 361.961 ms
2021-07-05T07:33:53.651Z - POST /api/weather 200 22 B - 134.331 ms
2021-07-05T07:33:56.784Z - GET /api/weather 200 7012 B - 2.814 ms
2021-07-05T07:34:27.082Z - GET /api/weather 200 7012 B - 2.732 ms
2021-07-05T07:34:40.210Z - GET /api/city/name/banja 200 501 B - 268.307 ms
2021-07-05T07:35:00.383Z - GET /api/weather 200 7012 B - 2.639 ms
2021-07-05T07:35:05.118Z - GET /api/city/name/banja 200 501 B - 585.552 ms
2021-07-05T07:35:17.562Z - GET /api/weather 200 7012 B - 2.834 ms
2021-07-05T07:35:38.388Z - GET /api/weather 200 7012 B - 3.205 ms
2021-07-05T07:35:42.907Z - GET /api/city/name/Banja 200 501 B - 316.727 ms
2021-07-05T07:35:48.730Z - GET /api/city/name/Banj 200 468 B - 269.595 ms
2021-07-05T07:36:04.416Z - GET /api/weather 200 7012 B - 2.599 ms
2021-07-05T07:37:35.135Z - GET /api/weather 200 7012 B - 2.565 ms
2021-07-05T07:37:47.258Z - GET /api/weather 200 7012 B - 3.533 ms
2021-07-05T07:37:54.557Z - GET /api/city/name/Banja 200 501 B - 483.654 ms
2021-07-05T07:38:02.234Z - GET /api/weather 200 7012 B - 2.405 ms
2021-07-05T07:38:57.987Z - GET /api/weather 200 5931 B - 2.546 ms
2021-07-05T07:39:02.513Z - GET /api/city/name/banjaluka 200 524 B - 375.248 ms
2021-07-05T07:39:04.969Z - POST /api/weather 200 22 B - 141.284 ms
2021-07-05T07:39:23.508Z - GET /api/weather 200 5931 B - 3.092 ms
2021-07-05T07:39:41.818Z - GET /api/weather 200 5931 B - 2.583 ms
2021-07-05T07:39:43.454Z - GET /api/weather 200 5931 B - 2.656 ms
2021-07-05T07:39:47.999Z - GET /api/city/name/banjaluka 200 524 B - 263.047 ms
2021-07-05T07:39:50.323Z - POST /api/weather 200 22 B - 125.776 ms
2021-07-05T07:39:57.070Z - GET /api/city/name/banjaluk 200 2 B - 316.266 ms
2021-07-05T07:40:46.670Z - GET /api/weather 200 6481 B - 3.924 ms
2021-07-05T07:40:50.945Z - GET /api/weather 200 6481 B - 2.502 ms
2021-07-05T07:40:55.117Z - GET /api/city/name/b 200 2 B - 306.285 ms
2021-07-05T07:41:04.728Z - GET /api/weather 200 6481 B - 2.763 ms
2021-07-05T07:41:28.133Z - GET /api/weather 200 6481 B - 2.417 ms
2021-07-05T07:41:39.034Z - GET /api/weather 200 6481 B - 2.447 ms
2021-07-05T07:43:56.049Z - GET /api/weather 200 6481 B - 2.532 ms
2021-07-05T07:44:06.929Z - GET /api/city/name/l 200 2 B - 279.946 ms
2021-07-05T07:44:25.703Z - GET /api/weather 200 6481 B - 2.632 ms
2021-07-05T07:45:18.346Z - GET /api/weather 200 6481 B - 2.504 ms
2021-07-05T07:45:34.877Z - GET /api/city/name/b 200 2 B - 322.834 ms
2021-07-05T07:45:36.280Z - GET /api/city/name/beograd 200 469 B - 291.169 ms
2021-07-05T07:45:42.553Z - POST /api/weather 200 22 B - 224.375 ms
2021-07-05T07:45:50.834Z - GET /api/weather 200 6986 B - 2.703 ms
2021-07-05T07:47:12.486Z - GET /api/weather 200 6986 B - 3.858 ms
2021-07-05T07:47:14.434Z - GET /api/weather 200 6986 B - 2.517 ms
2021-07-05T07:48:03.825Z - GET /api/weather 200 6986 B - 2.725 ms
2021-07-05T07:48:50.406Z - GET /api/weather 200 6986 B - 2.745 ms
2021-07-05T07:49:14.544Z - GET /api/weather 200 6986 B - 2.593 ms
2021-07-05T07:49:23.150Z - GET /api/city/name/B 200 2 B - 261.291 ms
2021-07-05T07:49:26.548Z - GET /api/city/name/MAdrid 200 484 B - 266.920 ms
2021-07-05T07:49:37.054Z - GET /api/weather 200 6986 B - 2.617 ms
2021-07-05T07:50:16.818Z - GET /api/weather 200 6986 B - 2.565 ms
2021-07-05T07:50:20.918Z - GET /api/city/name/mad 200 510 B - 327.740 ms
2021-07-05T07:50:21.715Z - GET /api/city/name/madrid 200 484 B - 253.432 ms
2021-07-05T07:50:23.694Z - POST /api/weather 200 22 B - 129.249 ms
2021-07-05T07:50:34.934Z - GET /api/weather 200 7506 B - 2.610 ms
2021-07-05T07:51:05.311Z - GET /api/weather 200 7506 B - 2.373 ms
2021-07-05T07:51:10.980Z - GET /api/city/name/nemna 200 2 B - 412.011 ms
2021-07-05T07:51:13.016Z - POST /api/weather 500 170 B - 122.734 ms
2021-07-05T07:51:18.312Z - GET /api/weather 200 7506 B - 2.642 ms
2021-07-05T07:51:40.906Z - GET /api/weather 200 7506 B - 2.676 ms
2021-07-05T07:51:51.042Z - GET /api/weather 200 7506 B - 2.497 ms
2021-07-05T07:51:57.719Z - GET /api/weather 200 7506 B - 2.524 ms
2021-07-05T07:52:20.865Z - GET /api/weather 200 7506 B - 2.979 ms
2021-07-05T07:52:27.476Z - GET /api/city/name/bar 200 524 B - 283.224 ms
2021-07-05T07:52:28.476Z - GET /api/city/name/barse 200 524 B - 280.872 ms
2021-07-05T07:52:29.379Z - GET /api/city/name/barselo 200 2 B - 279.972 ms
2021-07-05T07:52:30.015Z - GET /api/city/name/barselonca 200 2 B - 293.987 ms
2021-07-05T07:52:34.180Z - GET /api/city/name/barcelona 200 470 B - 251.213 ms
2021-07-05T07:52:42.816Z - GET /api/city/name/barcelon 200 2 B - 295.861 ms
2021-07-05T07:52:45.772Z - GET /api/city/name/valencia 200 518 B - 339.642 ms
2021-07-05T07:53:14.270Z - GET /api/weather 200 7506 B - 3.462 ms
2021-07-05T07:53:29.060Z - GET /api/city/name/ba 200 2 B - 303.955 ms
2021-07-05T07:53:30.841Z - GET /api/city/name/paris 200 476 B - 254.347 ms
2021-07-05T07:53:36.302Z - GET /api/weather 200 7506 B - 2.706 ms
2021-07-05T07:53:45.118Z - GET /api/city/name/s 200 2 B - 277.197 ms
2021-07-05T07:54:18.315Z - GET /api/weather 200 7506 B - 4.043 ms
2021-07-05T07:54:35.681Z - GET /api/weather 200 7506 B - 2.443 ms
2021-07-05T07:54:42.937Z - GET /api/weather 200 7506 B - 2.611 ms
2021-07-05T07:55:04.814Z - GET /api/city/name/bar - - B - - ms
2021-07-05T07:55:05.434Z - GET /api/city/name/barc 200 524 B - 614.854 ms
2021-07-05T07:55:06.147Z - GET /api/city/name/barse 200 524 B - 603.723 ms
2021-07-05T07:55:07.057Z - GET /api/city/name/barselona 200 470 B - 429.692 ms
2021-07-05T07:55:15.880Z - GET /api/weather 200 7506 B - 3.853 ms
2021-07-05T07:55:41.134Z - GET /api/weather 200 7506 B - 3.806 ms
2021-07-05T07:55:47.691Z - GET /api/city/name/se 200 2 B - 720.659 ms
2021-07-05T07:55:48.616Z - GET /api/city/name/sevilla 200 483 B - 276.326 ms
2021-07-05T07:56:02.683Z - GET /api/weather 200 7506 B - 2.809 ms
2021-07-05T07:58:24.179Z - GET /api/weather 200 7506 B - 3.135 ms
2021-07-05T07:58:36.412Z - GET /api/weather 200 7506 B - 3.200 ms
2021-07-05T07:58:46.040Z - GET /api/weather 200 7506 B - 2.480 ms
2021-07-05T07:58:54.508Z - GET /api/city/name/sel 200 496 B - 302.479 ms
2021-07-05T07:58:56.051Z - GET /api/city/name/sevilaa 200 2 B - 388.659 ms
2021-07-05T07:59:02.096Z - GET /api/city/name/barcelona 200 470 B - 337.272 ms
2021-07-05T07:59:20.811Z - GET /api/weather 200 7506 B - 3.082 ms
2021-07-05T08:01:07.665Z - GET /api/weather 200 7497 B - 2.474 ms
2021-07-05T08:01:23.893Z - GET /api/weather 200 7497 B - 3.417 ms
2021-07-05T08:10:08.556Z - GET /api/weather 200 7497 B - 3.279 ms
2021-07-05T08:10:28.218Z - GET /api/weather 200 7497 B - 2.771 ms
2021-07-05T08:10:42.831Z - GET /api/weather 200 7497 B - 2.457 ms
2021-07-05T08:10:49.136Z - GET /api/city/name/Se 200 2 B - 368.683 ms
2021-07-05T08:10:50.310Z - GET /api/city/name/Sevilla 200 482 B - 305.350 ms
2021-07-05T08:10:57.692Z - GET /api/city/name/Sevill 200 2 B - 523.402 ms
2021-07-05T08:11:00.702Z - GET /api/weather 200 7497 B - 2.551 ms
2021-07-05T08:11:07.451Z - GET /api/city/name/Se 200 2 B - 365.781 ms
2021-07-05T08:11:08.564Z - GET /api/city/name/Sevilla 200 482 B - 270.419 ms
2021-07-05T08:11:14.563Z - GET /api/city/name/Sevil 200 526 B - 573.608 ms
2021-07-05T08:11:16.195Z - GET /api/city/name/Sevi 200 2 B - 256.504 ms
2021-07-05T08:11:55.870Z - GET /api/weather 200 7497 B - 2.833 ms
2021-07-05T08:12:28.991Z - GET /api/weather 200 7497 B - 2.552 ms
2021-07-05T08:12:43.308Z - GET /api/weather 200 7497 B - 5.865 ms
2021-07-05T08:12:55.160Z - GET /api/weather 200 7497 B - 2.653 ms
2021-07-05T08:13:00.100Z - GET /api/weather 200 7497 B - 2.625 ms
2021-07-05T08:13:39.730Z - GET /api/city/name/s 200 2 B - 250.879 ms
2021-07-05T08:13:44.285Z - GET /api/city/name/sa 200 2 B - 263.015 ms
2021-07-05T08:13:47.289Z - GET /api/city/name/s 200 2 B - 239.309 ms
2021-07-05T08:13:49.367Z - GET /api/city/name/s 200 2 B - 249.000 ms
2021-07-05T08:13:50.433Z - GET /api/city/name/se 200 2 B - 258.063 ms
2021-07-05T08:13:51.597Z - GET /api/city/name/sev 200 500 B - 297.703 ms
2021-07-05T08:13:52.506Z - GET /api/city/name/sevi 200 2 B - 303.434 ms
2021-07-05T08:13:53.959Z - GET /api/city/name/sevil 200 526 B - 249.891 ms
2021-07-05T08:14:07.761Z - GET /api/city/name/sevi 200 2 B - 519.131 ms
2021-07-05T08:14:10.753Z - GET /api/city/name/sev - - B - - ms
2021-07-05T08:14:13.621Z - GET /api/weather 200 7497 B - 2.693 ms
2021-07-05T08:14:17.211Z - GET /api/city/name/s 200 2 B - 275.588 ms
2021-07-05T08:14:18.273Z - GET /api/city/name/se 200 2 B - 260.466 ms
2021-07-05T08:14:19.241Z - GET /api/city/name/sev 200 500 B - 268.169 ms
2021-07-05T08:14:20.437Z - GET /api/city/name/sevi 200 2 B - 252.318 ms
2021-07-05T08:14:22.616Z - GET /api/city/name/sev 200 500 B - 253.547 ms
2021-07-05T08:14:50.422Z - GET /api/city/name/se 200 2 B - 325.193 ms
2021-07-05T08:17:35.065Z - GET /api/weather 200 7497 B - 2.604 ms
2021-07-05T08:17:44.162Z - GET /api/weather 200 7497 B - 3.120 ms
2021-07-05T08:18:23.920Z - GET /api/weather 200 7497 B - 2.462 ms
2021-07-05T08:18:42.976Z - GET /api/weather 200 7497 B - 2.338 ms
2021-07-05T08:20:16.295Z - GET /api/weather 200 7534 B - 2.421 ms
2021-07-05T08:20:42.652Z - GET /api/weather 200 7534 B - 2.398 ms
2021-07-05T08:21:03.329Z - GET /api/city/name/Barcelona 200 471 B - 483.122 ms
2021-07-05T08:21:27.046Z - GET /api/city/name/Barcelo 200 2 B - 303.488 ms
2021-07-05T08:21:29.885Z - POST /api/weather 500 170 B - 124.993 ms
2021-07-05T08:21:35.233Z - GET /api/weather 200 7534 B - 2.498 ms
2021-07-05T08:21:41.332Z - GET /api/city/name/barce 200 515 B - 301.064 ms
2021-07-05T08:21:42.193Z - GET /api/city/name/barcelon 200 2 B - 273.394 ms
2021-07-05T08:21:43.216Z - GET /api/city/name/barcelona 200 471 B - 271.512 ms
2021-07-05T08:22:48.201Z - GET /api/weather 200 7534 B - 2.807 ms
2021-07-05T08:23:36.203Z - GET /api/weather 200 7534 B - 2.871 ms
2021-07-05T08:23:42.415Z - GET /api/city/name/barcelona 200 470 B - 251.587 ms
2021-07-05T08:23:45.969Z - GET /api/city/name/barcel 200 515 B - 290.310 ms
2021-07-05T08:23:47.798Z - GET /api/city/name/barce 200 515 B - 240.992 ms
2021-07-05T08:23:49.070Z - GET /api/city/name/barc 200 523 B - 360.729 ms
2021-07-05T08:23:50.396Z - GET /api/city/name/bar 200 515 B - 302.078 ms
2021-07-05T08:23:51.663Z - GET /api/city/name/ba 200 2 B - 263.660 ms
2021-07-05T08:24:25.319Z - GET /api/weather 200 7534 B - 2.594 ms
2021-07-05T08:24:33.334Z - GET /api/city/name/paris 200 476 B - 286.731 ms
2021-07-05T08:24:48.644Z - GET /api/weather 200 7534 B - 3.369 ms
2021-07-05T08:24:52.530Z - GET /api/city/name/paris 200 476 B - 241.533 ms
2021-07-05T08:25:34.257Z - GET /api/weather 200 7534 B - 2.380 ms
2021-07-05T08:25:48.028Z - GET /api/weather 200 7534 B - 3.392 ms
2021-07-05T08:25:53.437Z - GET /api/city/name/paris 200 476 B - 256.629 ms
2021-07-05T08:25:55.983Z - POST /api/weather 200 22 B - 136.757 ms
2021-07-05T08:25:59.120Z - GET /api/weather 200 8046 B - 3.144 ms
2021-07-05T08:26:03.350Z - GET /api/city/name/ca 200 2 B - 268.400 ms
2021-07-05T08:26:06.788Z - GET /api/city/name/c - - B - - ms
2021-07-05T08:26:09.239Z - GET /api/weather 200 8046 B - 2.747 ms
2021-07-05T08:26:15.047Z - GET /api/city/name/pa 200 2 B - 587.245 ms
2021-07-05T08:26:38.427Z - GET /api/weather 200 8046 B - 2.949 ms
2021-07-05T08:26:45.588Z - GET /api/city/name/barcelona 200 470 B - 318.486 ms
2021-07-05T08:26:49.067Z - POST /api/weather 200 22 B - 163.122 ms
2021-07-05T08:26:59.135Z - GET /api/weather 200 8552 B - 2.886 ms
2021-07-05T08:27:07.412Z - GET /api/weather 200 8552 B - 4.353 ms
2021-07-05T08:27:17.171Z - GET /api/weather 200 8552 B - 2.677 ms
2021-07-05T08:27:48.255Z - GET /api/weather 200 8552 B - 2.476 ms
2021-07-05T08:27:53.990Z - GET /api/city/name/l 200 2 B - 257.146 ms
2021-07-05T08:27:55.636Z - GET /api/city/name/lo 200 2 B - 256.790 ms
2021-07-05T08:27:57.167Z - GET /api/city/name/lon 200 496 B - 322.434 ms
2021-07-05T08:27:58.281Z - GET /api/city/name/lond 200 2 B - 313.731 ms
2021-07-05T08:27:59.679Z - GET /api/city/name/londo 200 2 B - 252.464 ms
2021-07-05T08:28:00.957Z - GET /api/city/name/london 200 481 B - 255.871 ms
2021-07-05T08:28:07.867Z - GET /api/city/name/londo 200 2 B - 250.583 ms
2021-07-05T08:28:10.019Z - GET /api/city/name/lond 200 2 B - 272.774 ms
2021-07-05T08:28:11.140Z - GET /api/city/name/lon 200 496 B - 243.807 ms
2021-07-05T08:29:22.503Z - GET /api/weather 200 8552 B - 3.921 ms
2021-07-05T08:29:32.039Z - GET /api/city/name/m 200 2 B - 291.488 ms
2021-07-05T08:29:34.392Z - GET /api/city/name/mo 200 2 B - 250.211 ms
2021-07-05T08:29:35.840Z - GET /api/city/name/mos 200 487 B - 287.719 ms
2021-07-05T08:29:37.000Z - GET /api/city/name/mostar 200 470 B - 266.683 ms
2021-07-05T08:29:43.056Z - GET /api/city/name/mosta 200 471 B - 248.541 ms
2021-07-05T08:29:44.640Z - GET /api/city/name/most 200 523 B - 293.554 ms
2021-07-05T08:29:49.572Z - GET /api/weather 200 8552 B - 3.495 ms
2021-07-05T08:30:46.083Z - GET /api/weather 200 8552 B - 2.737 ms
2021-07-05T08:35:32.165Z - GET /api/weather 200 8552 B - 2.862 ms
2021-07-05T08:35:39.370Z - GET /api/city/name/sara 200 520 B - 424.393 ms
2021-07-05T08:35:40.333Z - GET /api/city/name/sarajevo 200 490 B - 259.609 ms
2021-07-05T08:35:43.453Z - GET /api/city/name/sarajev 200 2 B - 328.005 ms
2021-07-05T08:35:45.447Z - GET /api/city/name/saraje 200 2 B - 266.835 ms
2021-07-05T08:35:55.981Z - GET /api/weather 200 8552 B - 2.695 ms
2021-07-05T08:36:04.648Z - GET /api/weather 200 8552 B - 2.846 ms
2021-07-05T08:36:18.291Z - GET /api/weather 200 8552 B - 2.352 ms
2021-07-05T08:36:29.577Z - GET /api/city/name/mos 200 487 B - 276.632 ms
2021-07-05T08:37:00.360Z - GET /api/weather 200 8552 B - 2.815 ms
2021-07-05T08:39:43.167Z - GET /api/weather 200 8552 B - 2.406 ms
2021-07-05T08:40:44.765Z - GET /api/weather 200 8561 B - 3.014 ms
2021-07-05T08:42:18.658Z - GET /api/weather 200 8561 B - 2.467 ms
2021-07-05T08:42:30.219Z - GET /api/city/name/l 200 2 B - 327.396 ms
2021-07-05T08:42:33.724Z - GET /api/city/name/lo 200 2 B - 255.843 ms
2021-07-05T08:43:09.414Z - GET /api/weather 200 8561 B - 2.486 ms
2021-07-05T08:43:14.908Z - GET /api/city/name/lo 200 2 B - 261.043 ms
2021-07-05T08:43:16.736Z - POST /api/weather 500 170 B - 128.077 ms
2021-07-05T08:43:51.977Z - GET /api/weather 200 8561 B - 2.592 ms
2021-07-05T08:43:57.959Z - GET /api/city/name/l 200 2 B - 250.221 ms
2021-07-05T08:43:59.688Z - GET /api/city/name/lo 200 2 B - 258.527 ms
2021-07-05T08:44:01.349Z - POST /api/weather 500 170 B - 124.989 ms
2021-07-05T08:44:19.071Z - GET /api/weather 200 8561 B - 3.658 ms
2021-07-05T08:45:14.898Z - GET /api/city/name/lo 200 2 B - 318.674 ms
2021-07-05T08:46:10.444Z - POST /api/weather 500 170 B - 125.251 ms
2021-07-05T08:47:13.161Z - GET /api/weather 200 8561 B - 3.080 ms
2021-07-05T08:47:16.989Z - GET /api/city/name/lo 200 2 B - 307.410 ms
2021-07-05T08:47:17.907Z - POST /api/weather 500 170 B - 123.107 ms
2021-07-05T08:47:32.502Z - GET /api/weather 200 8561 B - 2.439 ms
2021-07-05T08:47:51.442Z - GET /api/weather 200 8561 B - 2.424 ms
2021-07-05T08:47:57.202Z - GET /api/city/name/lo 200 2 B - 274.820 ms
2021-07-05T08:47:58.175Z - POST /api/weather 500 170 B - 128.046 ms
2021-07-05T08:48:18.134Z - GET /api/city/name/london 200 480 B - 248.774 ms
2021-07-05T08:48:24.340Z - POST /api/weather 200 22 B - 132.207 ms
2021-07-05T08:48:40.567Z - GET /api/weather 200 9077 B - 2.964 ms
2021-07-05T08:49:14.881Z - GET /api/weather 200 9077 B - 3.382 ms
2021-07-05T08:49:23.511Z - GET /api/city/name/l 200 2 B - 264.281 ms
2021-07-05T08:49:24.455Z - GET /api/city/name/li 200 2 B - 250.436 ms
2021-07-05T08:49:25.781Z - GET /api/city/name/liv 200 2 B - 318.221 ms
2021-07-05T08:49:26.991Z - GET /api/city/name/live 200 2 B - 331.385 ms
2021-07-05T08:49:28.093Z - GET /api/city/name/liver 200 501 B - 296.670 ms
2021-07-05T08:49:29.427Z - GET /api/city/name/liverp 200 2 B - 271.274 ms
2021-07-05T08:49:31.672Z - GET /api/city/name/liverpo - - B - - ms
2021-07-05T08:49:33.149Z - GET /api/city/name/liverpoo 200 2 B - 1471.541 ms
2021-07-05T08:49:34.889Z - GET /api/city/name/liverpool 200 492 B - 247.970 ms
2021-07-05T08:49:44.963Z - GET /api/city/name/liverpools 200 2 B - 331.931 ms
2021-07-05T08:49:47.178Z - GET /api/city/name/liverpool 200 492 B - 242.603 ms
2021-07-05T08:50:35.006Z - GET /api/weather 200 9077 B - 2.563 ms
2021-07-05T08:51:03.846Z - GET /api/weather 200 2 B - 2.369 ms
2021-07-05T08:51:36.842Z - GET /api/weather 200 5333 B - 7.866 ms
2021-07-05T08:52:24.330Z - GET /api/weather 200 5395 B - 7.933 ms
2021-07-05T08:53:41.894Z - GET /api/city/name/ne 200 2 B - 268.972 ms
2021-07-05T08:53:42.986Z - GET /api/city/name/neves 200 507 B - 341.766 ms
2021-07-05T08:53:43.913Z - GET /api/city/name/nevesinj 200 2 B - 299.738 ms
2021-07-05T08:53:44.373Z - GET /api/city/name/nevesinje 200 523 B - 307.330 ms
2021-07-05T08:53:51.207Z - POST /api/weather 200 22 B - 127.328 ms
2021-07-05T08:53:55.612Z - GET /api/weather 200 5954 B - 4.245 ms
2021-07-05T10:17:07.312Z - GET /api/weather 200 5968 B - 5.185 ms
2021-07-05T10:17:17.031Z - GET /api/city/name/Banjaluka 200 523 B - 437.116 ms
2021-07-05T10:17:19.314Z - GET /api/weather 200 5968 B - 2.560 ms
2021-07-05T10:17:19.463Z - POST /api/weather 200 22 B - 157.674 ms
2021-07-05T10:17:30.687Z - GET /api/weather 200 6527 B - 2.419 ms
2021-07-05T10:18:05.744Z - GET /api/weather 200 6527 B - 2.463 ms
2021-07-05T10:18:21.766Z - GET /api/city/name/madrid 200 484 B - 244.372 ms
2021-07-05T10:18:23.730Z - GET /api/weather 200 6527 B - 2.682 ms
2021-07-05T10:18:23.848Z - POST /api/weather 200 22 B - 127.494 ms
2021-07-05T10:18:26.983Z - GET /api/weather 200 7047 B - 3.187 ms
2021-07-05T10:18:40.947Z - GET /api/weather 200 7047 B - 2.539 ms
2021-07-05T10:18:51.119Z - GET /api/weather 200 7047 B - 2.550 ms
2021-07-05T10:20:29.734Z - GET /api/weather 200 7062 B - 2.566 ms
2021-07-05T10:20:37.075Z - GET /api/city/name/barcelona 200 473 B - 371.484 ms
2021-07-05T10:20:39.011Z - POST /api/weather 200 22 B - 145.520 ms
2021-07-05T10:21:04.735Z - GET /api/weather 200 7571 B - 3.033 ms
2021-07-05T10:21:59.159Z - GET /api/weather 200 7571 B - 3.655 ms
2021-07-05T10:22:06.737Z - GET /api/city/name/malaga 200 469 B - 260.686 ms
2021-07-05T10:22:08.911Z - POST /api/weather 200 22 B - 134.327 ms
2021-07-05T10:23:41.202Z - GET /api/weather 200 8076 B - 3.004 ms
2021-07-05T10:24:41.103Z - GET /api/weather 200 8076 B - 3.046 ms
2021-07-05T10:25:10.313Z - GET /api/weather 200 8076 B - 3.136 ms
2021-07-05T10:25:41.247Z - GET /api/weather 200 8076 B - 2.477 ms
2021-07-05T10:26:15.861Z - GET /api/weather 200 8076 B - 2.593 ms
2021-07-05T10:26:34.909Z - GET /api/weather 200 8076 B - 2.452 ms
2021-07-05T10:27:06.909Z - GET /api/weather 200 8076 B - 2.723 ms
2021-07-05T10:27:19.781Z - GET /api/weather 200 8076 B - 2.667 ms
2021-07-05T10:27:57.262Z - GET /api/weather 200 8076 B - 2.545 ms
2021-07-05T10:28:20.725Z - GET /api/weather 200 8076 B - 2.517 ms
2021-07-05T10:29:02.972Z - GET /api/weather 200 8076 B - 2.548 ms
2021-07-05T10:29:12.402Z - GET /api/weather 200 8076 B - 2.552 ms
2021-07-05T10:29:15.685Z - GET /api/weather 200 8076 B - 2.571 ms
2021-07-05T10:29:38.469Z - GET /api/weather 200 8076 B - 2.515 ms
2021-07-05T10:30:14.253Z - GET /api/weather 200 8076 B - 2.589 ms
2021-07-05T10:31:38.869Z - GET /api/weather 200 8076 B - 2.543 ms
2021-07-05T10:32:27.535Z - GET /api/weather 200 8076 B - 2.608 ms
2021-07-05T10:32:46.305Z - GET /api/weather 200 8076 B - 2.902 ms
2021-07-05T10:35:19.128Z - GET /api/city/name/Napoli 200 479 B - 296.371 ms
2021-07-05T10:35:23.053Z - GET /api/city/name/Napol 200 2 B - 316.769 ms
2021-07-05T10:36:38.844Z - GET /api/city/name/Napulj 200 473 B - 299.761 ms
2021-07-05T10:36:42.538Z - POST /api/weather 200 22 B - 129.296 ms
2021-07-05T10:39:53.597Z - GET /api/weather 200 8585 B - 2.566 ms
2021-07-05T10:40:55.946Z - GET /api/weather 200 8608 B - 3.167 ms
2021-07-05T10:41:01.435Z - GET /api/weather 200 8608 B - 2.374 ms
2021-07-05T10:42:21.759Z - GET /api/weather 200 8608 B - 3.797 ms
2021-07-05T10:42:35.403Z - GET /api/weather 200 8608 B - 2.810 ms
2021-07-05T10:42:43.619Z - GET /api/weather 200 8608 B - 2.597 ms
2021-07-05T10:42:58.677Z - GET /api/weather 200 8608 B - 2.957 ms
2021-07-05T10:43:13.724Z - GET /api/weather 200 8608 B - 3.683 ms
2021-07-05T10:43:17.929Z - GET /api/weather 200 8608 B - 2.371 ms
2021-07-05T10:44:34.408Z - GET /api/weather 200 8608 B - 2.681 ms
2021-07-05T10:44:47.466Z - GET /api/weather 200 8608 B - 3.067 ms
2021-07-05T10:44:59.630Z - GET /api/weather 200 8608 B - 2.733 ms
2021-07-05T10:45:25.043Z - GET /api/weather 200 8608 B - 2.580 ms
2021-07-05T10:45:36.722Z - GET /api/weather 200 8608 B - 2.455 ms
2021-07-05T10:45:53.605Z - GET /api/weather 200 8608 B - 2.841 ms
2021-07-05T10:46:21.695Z - GET /api/city/name/Nevesinje 200 526 B - 344.133 ms
2021-07-05T10:46:30.938Z - GET /api/city/name/Nevesinj 200 2 B - 314.494 ms
2021-07-05T10:46:32.375Z - GET /api/city/name/NB 200 2 B - 268.193 ms
2021-07-05T10:46:33.824Z - GET /api/city/name/B 200 2 B - 262.585 ms
2021-07-05T10:46:34.451Z - GET /api/city/name/Bue 200 528 B - 329.359 ms
2021-07-05T10:46:35.309Z - GET /api/city/name/Buenos 200 530 B - 270.904 ms
2021-07-05T10:46:36.385Z - GET /api/city/name/Buenos 200 530 B - 243.351 ms
2021-07-05T10:46:37.350Z - GET /api/city/name/Buenos%20A 200 2 B - 325.573 ms
2021-07-05T10:46:39.495Z - GET /api/city/name/Buenos%20Air 200 2 B - 300.748 ms
2021-07-05T10:46:40.937Z - GET /api/city/name/Buenos%20Aires 200 474 B - 255.497 ms
2021-07-05T10:46:44.603Z - POST /api/weather 200 22 B - 130.657 ms
2021-07-05T10:46:54.335Z - GET /api/weather 200 9118 B - 2.675 ms
2021-07-05T10:50:37.492Z - GET /api/weather 200 9118 B - 2.656 ms
2021-07-05T10:50:48.604Z - GET /api/weather 200 9118 B - 2.447 ms
2021-07-05T10:50:55.452Z - GET /api/city/name/pa 200 2 B - 350.216 ms
2021-07-05T10:50:57.911Z - GET /api/city/name/marse 200 503 B - 295.367 ms
2021-07-05T10:50:58.815Z - GET /api/city/name/marselle 200 2 B - 319.943 ms
2021-07-05T10:51:01.907Z - GET /api/city/name/marse 200 503 B - 364.401 ms
2021-07-05T10:51:03.800Z - GET /api/city/name/marseille 200 498 B - 253.721 ms
2021-07-05T10:51:10.345Z - GET /api/city/name/marseill 200 2 B - 311.872 ms
2021-07-05T10:51:11.227Z - GET /api/city/name/marsei 200 2 B - 311.850 ms
2021-07-05T10:51:12.619Z - GET /api/city/name/marse 200 503 B - 246.900 ms
2021-07-05T10:51:14.969Z - GET /api/city/name/cann 200 488 B - 332.721 ms
2021-07-05T10:51:15.566Z - GET /api/city/name/cannes 200 465 B - 249.647 ms
2021-07-05T10:51:18.809Z - POST /api/weather 200 22 B - 135.687 ms
