2021-07-01T07:02:50.510Z - GET /api/weather 200 5395 B - 9.063 ms
2021-07-01T07:06:43.887Z - GET /api/weather 200 5395 B - 8.466 ms
2021-07-01T07:09:51.775Z - GET /api/weather 200 5395 B - 2.580 ms
2021-07-01T07:16:16.331Z - GET /api/weather 200 5395 B - 2.684 ms
2021-07-01T07:16:26.040Z - GET /api/weather 200 5395 B - 2.631 ms
2021-07-01T07:16:40.582Z - GET /api/weather 200 5395 B - 2.821 ms
2021-07-01T07:17:03.817Z - GET /api/weather 200 5395 B - 3.739 ms
2021-07-01T07:17:06.593Z - GET /api/weather 200 5395 B - 2.445 ms
2021-07-01T07:18:04.223Z - GET /api/weather 200 5395 B - 2.558 ms
2021-07-01T07:18:17.858Z - GET /api/weather 200 5395 B - 2.597 ms
2021-07-01T07:18:33.185Z - GET /api/weather 200 5395 B - 2.492 ms
2021-07-01T07:19:17.881Z - GET /api/weather 200 5395 B - 2.688 ms
2021-07-01T07:20:17.860Z - GET /api/weather 200 5403 B - 3.198 ms
2021-07-01T07:20:34.424Z - GET /api/weather 200 5403 B - 2.502 ms
2021-07-01T07:21:26.649Z - GET /api/weather 200 5403 B - 3.697 ms
2021-07-01T07:21:31.264Z - GET /api/weather 200 5403 B - 3.227 ms
2021-07-01T07:32:58.435Z - GET /api/weather 200 5403 B - 2.826 ms
2021-07-01T07:33:17.977Z - GET /api/weather 200 5403 B - 2.278 ms
2021-07-01T07:43:39.623Z - GET /api/weather 200 5420 B - 2.666 ms
2021-07-01T07:44:02.554Z - GET /api/weather 200 5420 B - 2.300 ms
2021-07-01T07:44:52.542Z - GET /api/weather 200 5420 B - 2.478 ms
2021-07-01T07:45:13.929Z - GET /api/weather 200 5420 B - 2.294 ms
2021-07-01T07:45:20.416Z - GET /api/weather 200 5420 B - 2.285 ms
2021-07-01T07:48:58.860Z - GET /api/weather 200 5420 B - 2.323 ms
2021-07-01T07:49:19.962Z - GET /api/weather 200 5420 B - 2.814 ms
2021-07-01T07:49:34.659Z - GET /api/weather 200 5420 B - 3.059 ms
2021-07-01T07:49:55.776Z - GET /api/weather 200 5420 B - 2.242 ms
2021-07-01T07:50:02.212Z - GET /api/weather 200 5420 B - 2.470 ms
2021-07-01T07:50:42.338Z - GET /api/weather 200 5420 B - 2.293 ms
2021-07-01T08:12:21.777Z - GET /api/weather 200 5458 B - 2.348 ms
2021-07-01T08:12:45.480Z - GET /api/weather 200 5458 B - 2.393 ms
2021-07-01T08:13:43.961Z - GET /api/city 404 96 B - 0.604 ms
2021-07-01T08:13:43.963Z - GET /api/weather 200 5458 B - 7.223 ms
2021-07-01T08:15:17.661Z - GET /api/weather 200 5458 B - 4.026 ms
2021-07-01T08:15:17.661Z - GET /api/city 404 96 B - 0.262 ms
2021-07-01T08:15:52.992Z - GET /api/city 404 96 B - 3.554 ms
2021-07-01T08:15:52.999Z - GET /api/weather 200 5458 B - 13.292 ms
2021-07-01T08:16:45.019Z - GET /api/city 404 96 B - 0.510 ms
2021-07-01T08:16:45.069Z - GET /favicon.ico 404 96 B - 0.477 ms
2021-07-01T08:20:19.615Z - GET /api/city 404 96 B - 0.310 ms
2021-07-01T08:20:21.375Z - GET /api/city 404 96 B - 0.343 ms
2021-07-01T08:20:36.536Z - GET /api/weather 200 5419 B - 7.697 ms
2021-07-01T08:20:36.536Z - GET /api/city 404 96 B - 1.117 ms
2021-07-01T08:20:41.686Z - GET /api/city 404 96 B - 0.374 ms
2021-07-01T08:23:12.335Z - GET /api/city 404 96 B - 0.603 ms
2021-07-01T08:29:12.475Z - GET /api/weather 200 5419 B - 3.181 ms
2021-07-01T08:29:37.752Z - GET /api/city 404 96 B - 0.248 ms
2021-07-01T08:31:46.703Z - GET /api/weather 200 5419 B - 18.103 ms
2021-07-01T08:31:46.965Z - GET /api/city 200 21 B - 279.442 ms
2021-07-01T08:31:56.339Z - GET /api/city 200 21 B - 249.321 ms
2021-07-01T08:49:52.186Z - GET /api/weather 200 5431 B - 17.094 ms
2021-07-01T08:49:52.408Z - GET /api/city 200 40 B - 237.654 ms
2021-07-01T08:50:43.648Z - GET /api/weather 200 5431 B - 16.769 ms
2021-07-01T08:50:43.824Z - GET /api/city 200 40 B - 191.365 ms
2021-07-01T08:51:27.162Z - GET /api/city 200 40 B - 126.381 ms
2021-07-01T08:51:34.384Z - GET /api/weather 200 5431 B - 5.775 ms
2021-07-01T08:51:34.541Z - GET /api/city 200 40 B - 157.864 ms
2021-07-01T08:51:50.080Z - GET /api/weather 200 5431 B - 17.535 ms
2021-07-01T08:51:50.259Z - GET /api/city 200 33 B - 191.980 ms
2021-07-01T08:52:46.672Z - GET /api/weather 200 5431 B - 7.047 ms
2021-07-01T08:52:46.801Z - GET /api/city 200 33 B - 134.251 ms
2021-07-01T08:52:55.720Z - GET /api/weather 200 5431 B - 5.650 ms
2021-07-01T08:52:55.842Z - GET /api/city 200 33 B - 125.380 ms
2021-07-01T08:54:02.914Z - GET /api/weather 200 5431 B - 4.972 ms
2021-07-01T08:54:03.087Z - GET /api/city 200 33 B - 176.135 ms
2021-07-01T08:56:35.826Z - GET /api/weather 200 5431 B - 7.867 ms
2021-07-01T08:56:35.961Z - GET /api/city 200 33 B - 130.397 ms
2021-07-01T08:56:47.238Z - GET /api/weather 200 5431 B - 5.450 ms
2021-07-01T08:56:47.382Z - GET /api/city 200 33 B - 146.716 ms
2021-07-01T08:58:13.076Z - GET /api/weather 200 5431 B - 2.949 ms
2021-07-01T08:58:13.204Z - GET /api/city 200 33 B - 125.373 ms
2021-07-01T09:00:41.749Z - GET /api/weather 200 5461 B - 2.952 ms
2021-07-01T09:00:41.917Z - GET /api/city 200 33 B - 164.500 ms
2021-07-01T09:01:05.337Z - GET /api/weather 200 5461 B - 5.323 ms
2021-07-01T09:01:05.572Z - GET /api/city 200 33 B - 237.233 ms
2021-07-01T09:01:11.813Z - GET /api/weather 200 5461 B - 2.589 ms
2021-07-01T09:01:11.949Z - GET /api/city 200 33 B - 133.509 ms
2021-07-01T09:01:37.038Z - GET /api/weather 200 5461 B - 4.860 ms
2021-07-01T09:01:37.189Z - GET /api/city 200 33 B - 137.953 ms
2021-07-01T09:01:49.323Z - GET /api/weather 200 5461 B - 5.080 ms
2021-07-01T09:01:49.463Z - GET /api/city 200 33 B - 134.586 ms
2021-07-01T09:02:16.113Z - GET /api/weather 200 5461 B - 5.218 ms
2021-07-01T09:02:16.235Z - GET /api/city 200 33 B - 130.025 ms
2021-07-01T09:02:51.301Z - GET /api/weather 200 5461 B - 3.103 ms
2021-07-01T09:02:51.426Z - GET /api/city 200 33 B - 123.320 ms
2021-07-01T09:03:19.383Z - GET /api/weather 200 5461 B - 4.292 ms
2021-07-01T09:03:19.505Z - GET /api/city 200 33 B - 124.251 ms
2021-07-01T09:04:08.013Z - GET /api/weather 200 5461 B - 8.968 ms
2021-07-01T09:04:08.254Z - GET /api/city 200 33 B - 249.605 ms
2021-07-01T09:04:25.844Z - GET /api/weather 200 5461 B - 4.080 ms
2021-07-01T09:04:25.971Z - GET /api/city 200 33 B - 130.355 ms
2021-07-01T09:04:29.008Z - GET /api/weather 200 5461 B - 2.618 ms
2021-07-01T09:04:29.134Z - GET /api/city 200 33 B - 126.172 ms
2021-07-01T09:04:33.917Z - GET /api/weather 200 5461 B - 3.553 ms
2021-07-01T09:04:34.042Z - GET /api/city 200 33 B - 127.372 ms
2021-07-01T09:06:54.519Z - GET /api/weather 200 5461 B - 3.758 ms
2021-07-01T09:06:54.645Z - GET /api/city 200 33 B - 123.710 ms
2021-07-01T09:08:16.615Z - GET /api/weather 200 5461 B - 16.275 ms
2021-07-01T09:08:16.879Z - GET /api/city 200 34 B - 278.674 ms
2021-07-01T09:09:50.074Z - GET /api/weather 200 5461 B - 8.304 ms
2021-07-01T09:09:50.241Z - GET /api/city 200 34 B - 177.512 ms
2021-07-01T09:10:26.038Z - GET /api/weather 200 5461 B - 8.230 ms
2021-07-01T09:10:26.165Z - GET /api/city 200 34 B - 125.296 ms
2021-07-01T09:10:47.184Z - GET /api/weather 200 5461 B - 4.215 ms
2021-07-01T09:10:47.307Z - GET /api/city 200 34 B - 124.660 ms
2021-07-01T09:12:10.142Z - GET /api/weather 200 5461 B - 4.340 ms
2021-07-01T09:12:10.388Z - GET /api/city 200 34 B - 240.271 ms
2021-07-01T09:14:09.512Z - GET /api/city 200 34 B - 200.313 ms
2021-07-01T09:14:11.478Z - GET /api/city 200 34 B - 154.321 ms
2021-07-01T09:22:29.155Z - GET /api/weather 200 5461 B - 17.576 ms
2021-07-01T09:22:29.373Z - GET /api/city 200 34 B - 233.069 ms
2021-07-01T09:22:33.713Z - GET /api/city 200 34 B - 195.096 ms
2021-07-01T09:24:10.253Z - GET /api/city 200 34 B - 217.852 ms
2021-07-01T09:24:45.770Z - GET /api/city 200 34 B - 272.322 ms
2021-07-01T09:25:31.106Z - POST /api/city 404 96 B - 2.325 ms
2021-07-01T09:28:05.146Z - GET /api/weather 200 5461 B - 7.050 ms
2021-07-01T09:28:05.399Z - GET /api/city 200 34 B - 255.525 ms
2021-07-01T09:28:32.046Z - GET /api/weather 200 5461 B - 4.380 ms
2021-07-01T09:28:32.224Z - GET /api/city 200 34 B - 177.929 ms
2021-07-01T09:28:38.358Z - POST /api/city 404 96 B - 0.382 ms
2021-07-01T09:28:56.473Z - GET /api/weather 200 5461 B - 10.165 ms
2021-07-01T09:28:56.602Z - GET /api/city 200 34 B - 137.560 ms
2021-07-01T09:29:00.180Z - POST /api/city 404 96 B - 0.372 ms
2021-07-01T09:29:29.014Z - GET /api/weather 200 5461 B - 18.023 ms
2021-07-01T09:29:29.209Z - GET /api/city 200 34 B - 211.656 ms
2021-07-01T09:29:43.788Z - POST /api/city 404 96 B - 0.712 ms
2021-07-01T09:30:30.810Z - GET /api/city 200 34 B - 208.094 ms
2021-07-01T09:32:54.978Z - GET /api/weather 200 5461 B - 22.078 ms
2021-07-01T09:32:55.156Z - GET /api/city 200 34 B - 199.661 ms
2021-07-01T09:32:59.291Z - POST /api/city 404 96 B - 0.541 ms
2021-07-01T09:33:10.498Z - GET /api/city 200 34 B - 139.651 ms
2021-07-01T09:33:27.604Z - GET /api/weather 200 5461 B - 5.618 ms
2021-07-01T09:33:27.729Z - GET /api/city 200 34 B - 128.456 ms
2021-07-01T09:33:34.729Z - POST /api/city 404 96 B - 0.367 ms
2021-07-01T09:41:04.994Z - GET /api/city 200 34 B - 131.270 ms
2021-07-01T09:42:04.384Z - GET /api/weather 200 5464 B - 3.380 ms
2021-07-01T09:42:04.514Z - GET /api/city 200 34 B - 128.101 ms
2021-07-01T09:42:20.057Z - POST /api/city 404 96 B - 2.055 ms
2021-07-01T09:43:22.594Z - GET /api/city 200 34 B - 278.147 ms
2021-07-01T09:43:25.493Z - GET /api/city 200 34 B - 127.749 ms
2021-07-01T09:43:33.123Z - GET /api/weather 200 5464 B - 5.859 ms
2021-07-01T09:43:33.251Z - GET /api/city 200 34 B - 132.060 ms
2021-07-01T09:43:40.304Z - POST /api/city 404 96 B - 0.535 ms
2021-07-01T09:49:27.425Z - GET /api/weather 200 5464 B - 6.983 ms
2021-07-01T09:49:27.611Z - GET /api/city 200 34 B - 187.570 ms
2021-07-01T09:50:02.962Z - POST /api/city/search 404 96 B - 0.396 ms
2021-07-01T09:50:23.599Z - GET /api/city/search 404 96 B - 0.329 ms
2021-07-01T09:51:36.795Z - POST /api/city/search 404 96 B - 4.285 ms
2021-07-01T09:51:43.103Z - GET /api/weather 200 5464 B - 5.550 ms
2021-07-01T09:51:43.514Z - GET /api/city 200 34 B - 413.465 ms
2021-07-01T09:51:50.969Z - POST /api/city/search 404 96 B - 1.493 ms
2021-07-01T09:52:07.124Z - GET /api/city/search 200 34 B - 294.929 ms
2021-07-01T09:52:13.393Z - GET /api/city/search 200 34 B - 254.322 ms
2021-07-01T09:52:52.173Z - GET /api/weather 200 5464 B - 5.524 ms
2021-07-01T09:52:52.429Z - GET /api/city 200 34 B - 259.676 ms
2021-07-01T09:52:54.953Z - POST /api/city/search 404 96 B - 1.519 ms
2021-07-01T10:19:20.914Z - GET /api/weather 200 5489 B - 4.097 ms
2021-07-01T10:19:21.214Z - GET /api/city 200 34 B - 302.921 ms
2021-07-01T10:19:24.293Z - POST /api/search 404 96 B - 0.275 ms
2021-07-01T10:21:37.604Z - GET /api/weather 200 5450 B - 4.361 ms
2021-07-01T10:21:37.856Z - GET /api/city 200 34 B - 255.293 ms
2021-07-01T10:21:40.638Z - POST /api/search 404 96 B - 0.275 ms
2021-07-01T10:21:51.020Z - GET /api/weather 200 5450 B - 4.449 ms
2021-07-01T10:21:51.275Z - GET /api/city 200 34 B - 257.818 ms
2021-07-01T10:21:53.582Z - POST /api/name 404 96 B - 0.269 ms
2021-07-01T10:23:41.709Z - GET /api/weather 200 5450 B - 4.001 ms
2021-07-01T10:23:42.369Z - GET /api/city 200 34 B - 662.954 ms
2021-07-01T10:23:44.445Z - POST /api/name 404 96 B - 0.207 ms
2021-07-01T10:24:10.988Z - GET /api/name 404 96 B - 0.230 ms
2021-07-01T10:24:13.179Z - GET /api/name 404 96 B - 0.255 ms
2021-07-01T10:30:14.635Z - GET /api/weather 200 5450 B - 2.843 ms
2021-07-01T10:30:14.974Z - GET /api/city 200 34 B - 336.659 ms
2021-07-01T10:30:17.381Z - POST /api/name 404 96 B - 0.267 ms
2021-07-01T10:31:57.936Z - GET /api/weather 200 5450 B - 4.015 ms
2021-07-01T10:31:58.281Z - GET /api/city 200 34 B - 348.555 ms
2021-07-01T10:32:07.489Z - POST /api/name 404 96 B - 0.259 ms
2021-07-01T10:34:22.410Z - GET /api/weather 200 5450 B - 3.602 ms
2021-07-01T10:34:22.975Z - GET /api/city 200 34 B - 584.447 ms
2021-07-01T10:34:24.368Z - GET /api/name 404 96 B - 0.275 ms
2021-07-01T10:34:46.040Z - GET /api/weather 200 5450 B - 3.712 ms
2021-07-01T10:34:46.297Z - GET /api/city 200 34 B - 259.490 ms
2021-07-01T10:37:39.649Z - GET /api/name 404 96 B - 0.233 ms
2021-07-01T10:37:39.651Z - GET /api/weather 200 5450 B - 4.602 ms
2021-07-01T10:37:59.627Z - GET /api/weather 200 5450 B - 4.620 ms
2021-07-01T10:37:59.871Z - GET /api/city 200 34 B - 247.871 ms
2021-07-01T10:39:55.294Z - GET /api/name 404 96 B - 0.511 ms
2021-07-01T10:39:55.296Z - GET /api/weather 200 5450 B - 4.600 ms
2021-07-01T10:40:01.363Z - GET /api/name 404 96 B - 0.258 ms
2021-07-01T10:40:03.705Z - GET /api/name 404 96 B - 0.243 ms
2021-07-01T10:41:40.982Z - GET /api/name 404 96 B - 0.935 ms
2021-07-01T10:41:40.984Z - GET /api/weather 200 5454 B - 5.240 ms
2021-07-01T10:41:50.337Z - GET /api/name 404 96 B - 0.229 ms
2021-07-01T10:41:51.922Z - GET /api/name 404 96 B - 0.252 ms
2021-07-01T10:41:52.653Z - GET /api/name 404 96 B - 1.224 ms
2021-07-01T10:41:58.205Z - GET /api/name 404 96 B - 0.227 ms
2021-07-01T10:41:58.207Z - GET /api/weather 200 5454 B - 4.613 ms
2021-07-01T10:43:29.986Z - GET /api/weather 200 5454 B - 2.545 ms
2021-07-01T10:43:29.989Z - GET /api/name 404 96 B - 0.229 ms
2021-07-01T10:43:36.845Z - GET /api/city 200 34 B - 335.636 ms
2021-07-01T10:43:39.057Z - GET /api/name 404 96 B - 0.246 ms
2021-07-01T10:43:40.403Z - GET /api/name 404 96 B - 0.278 ms
2021-07-01T10:45:15.455Z - GET /api/weather 200 5454 B - 3.961 ms
2021-07-01T10:45:15.768Z - GET /api/city 200 34 B - 316.327 ms
2021-07-01T10:45:26.734Z - GET /api/name 404 96 B - 0.290 ms
2021-07-01T10:45:26.736Z - GET /api/weather 200 5454 B - 5.233 ms
2021-07-01T10:48:04.385Z - GET /api/weather 200 5454 B - 17.331 ms
2021-07-01T10:48:04.574Z - GET /api/name 200 34 B - 207.066 ms
2021-07-01T10:48:52.449Z - GET /api/weather 200 5454 B - 4.630 ms
2021-07-01T10:48:52.587Z - GET /api/city 200 34 B - 135.217 ms
2021-07-01T10:51:26.674Z - POST /api/name 200 2 B - 3.750 ms
2021-07-01T10:53:21.178Z - GET /api/weather 200 5454 B - 6.183 ms
2021-07-01T10:53:21.425Z - GET /api/city 200 34 B - 243.056 ms
2021-07-01T10:53:29.078Z - POST /api/name 200 20 B - 3.377 ms
2021-07-01T10:53:34.427Z - GET /api/name 404 96 B - 1.430 ms
2021-07-01T10:53:37.291Z - GET /api/name 404 96 B - 0.416 ms
2021-07-01T10:54:02.991Z - GET /api/city 200 34 B - 286.874 ms
2021-07-01T10:54:07.307Z - GET /api/name 404 96 B - 0.516 ms
2021-07-01T10:55:05.046Z - GET /api/weather 200 5454 B - 22.758 ms
2021-07-01T10:55:05.229Z - GET /api/city 200 34 B - 205.422 ms
2021-07-01T10:55:08.824Z - POST /api/name 200 2 B - 0.946 ms
2021-07-01T10:57:21.132Z - GET /api/weather 200 5454 B - 18.903 ms
2021-07-01T10:57:21.322Z - GET /api/city 200 34 B - 207.207 ms
2021-07-01T10:57:25.076Z - POST /api/name 200 2 B - 1.119 ms
2021-07-01T10:57:51.428Z - GET /api/weather 200 5454 B - 5.340 ms
2021-07-01T10:57:51.559Z - GET /api/city 200 34 B - 130.814 ms
2021-07-01T10:58:16.720Z - POST /api/name 200 2 B - 3.550 ms
2021-07-01T10:58:22.031Z - GET /api/weather 200 5454 B - 15.671 ms
2021-07-01T10:58:22.210Z - GET /api/city 200 34 B - 189.933 ms
2021-07-01T10:58:30.679Z - GET /api/name 404 96 B - 0.661 ms
2021-07-01T10:59:26.918Z - POST /api/name 200 2 B - 3.076 ms
2021-07-01T11:00:15.291Z - GET /api/weather 200 5454 B - 7.297 ms
2021-07-01T11:00:16.633Z - GET /api/city 200 34 B - 1347.379 ms
2021-07-01T11:00:18.860Z - POST /api/name 200 2 B - 0.894 ms
2021-07-01T11:01:06.985Z - GET /api/weather 200 5432 B - 4.108 ms
2021-07-01T11:01:08.330Z - GET /api/city 200 34 B - 1343.642 ms
2021-07-01T11:01:13.018Z - POST /api/name 200 2 B - 0.999 ms
2021-07-01T11:01:34.278Z - GET /api/weather 200 5432 B - 22.243 ms
2021-07-01T11:01:34.497Z - GET /api/city 200 34 B - 241.470 ms
2021-07-01T11:01:39.074Z - POST /api/name 200 2 B - 0.958 ms
2021-07-01T11:02:38.408Z - GET /api/weather 200 5432 B - 8.377 ms
2021-07-01T11:02:38.766Z - GET /api/city 200 34 B - 362.633 ms
2021-07-01T11:02:41.248Z - POST /api/name 200 19 B - 1.131 ms
2021-07-01T11:04:46.054Z - GET /api/weather 200 5432 B - 20.557 ms
2021-07-01T11:04:46.252Z - GET /api/city 200 34 B - 217.397 ms
2021-07-01T11:04:48.715Z - POST /api/name 200 2 B - 0.997 ms
2021-07-01T11:05:30.556Z - GET /api/weather 200 5432 B - 19.350 ms
2021-07-01T11:05:30.748Z - GET /api/city 200 34 B - 208.065 ms
2021-07-01T11:05:34.256Z - POST /api/name 200 21 B - 1.124 ms
2021-07-01T11:07:30.798Z - GET /api/weather 200 5432 B - 22.350 ms
2021-07-01T11:07:31.190Z - GET /api/city 200 34 B - 412.662 ms
2021-07-01T11:07:33.048Z - POST /api/city/name 200 20 B - 1.698 ms
2021-07-01T11:09:57.998Z - GET /api/weather 200 5432 B - 7.235 ms
2021-07-01T11:09:57.999Z - GET /api/city 200 11 B - 4.935 ms
2021-07-01T11:10:18.725Z - POST /api/city/name 200 20 B - 2.363 ms
2021-07-01T11:10:31.975Z - GET /api/city 200 11 B - 5.770 ms
2021-07-01T11:10:59.657Z - GET /api/city 200 11 B - 7.185 ms
2021-07-01T11:10:59.671Z - GET /api/weather 200 5432 B - 24.843 ms
2021-07-01T11:11:09.001Z - POST /api/city/name 200 18 B - 0.500 ms
2021-07-01T11:11:58.951Z - GET /api/city 200 11 B - 3.691 ms
2021-07-01T11:11:58.965Z - GET /api/weather 200 5432 B - 25.794 ms
2021-07-01T11:12:04.476Z - POST /api/city/name 200 21 B - 0.380 ms
2021-07-01T11:12:20.867Z - GET /api/city 200 11 B - 0.563 ms
2021-07-01T11:13:01.651Z - GET /api/weather 200 5432 B - 18.389 ms
2021-07-01T11:13:02.520Z - GET /api/city 200 34 B - 886.810 ms
2021-07-01T11:13:08.993Z - POST /api/city/name 200 21 B - 0.526 ms
2021-07-01T11:13:15.203Z - GET /api/city 200 34 B - 1290.968 ms
2021-07-01T11:14:21.799Z - GET /api/city 200 11 B - 7.485 ms
2021-07-01T11:14:21.801Z - GET /api/weather 200 5432 B - 24.525 ms
2021-07-01T11:14:25.168Z - POST /api/city/name 200 20 B - 0.429 ms
2021-07-01T11:15:02.854Z - GET /api/weather 200 5432 B - 4.335 ms
2021-07-01T11:15:02.863Z - GET /api/city 200 11 B - 2.357 ms
2021-07-01T11:15:37.273Z - POST /api/city/name 200 17 B - 3.368 ms
2021-07-01T11:15:41.376Z - GET /api/city 200 34 B - 379.066 ms
2021-07-01T11:15:55.536Z - GET /api/weather 200 5432 B - 5.841 ms
2021-07-01T11:15:55.854Z - GET /api/city 200 34 B - 317.958 ms
2021-07-01T11:15:59.591Z - POST /api/city/name 200 20 B - 0.502 ms
2021-07-01T11:16:35.834Z - GET /api/weather 200 5432 B - 20.789 ms
2021-07-01T11:16:36.139Z - GET /api/city 200 34 B - 326.181 ms
2021-07-01T11:16:39.431Z - POST /api/city/name 200 20 B - 0.472 ms
2021-07-01T11:16:50.172Z - GET /api/city 200 34 B - 285.054 ms
2021-07-01T11:16:54.432Z - GET /api/name 404 96 B - 0.773 ms
2021-07-01T11:17:35.080Z - GET /api/weather 200 5432 B - 7.263 ms
2021-07-01T11:17:35.090Z - GET /api/city 200 11 B - 8.343 ms
2021-07-01T11:17:45.513Z - POST /api/city/name 200 21 B - 0.363 ms
2021-07-01T11:18:25.936Z - GET /api/city 200 11 B - 2.256 ms
2021-07-01T11:18:25.938Z - GET /api/weather 200 5432 B - 10.367 ms
2021-07-01T11:18:30.466Z - POST /api/city/name 200 18 B - 0.434 ms
2021-07-01T11:19:19.127Z - GET /api/city 200 11 B - 7.244 ms
2021-07-01T11:19:19.129Z - GET /api/weather 200 5432 B - 28.058 ms
2021-07-01T11:19:32.235Z - POST /api/city/name 200 17 B - 0.385 ms
2021-07-01T11:19:37.420Z - GET /api/city 200 11 B - 1.517 ms
2021-07-01T11:20:18.952Z - POST /api/city/name 200 20 B - 2.337 ms
2021-07-01T11:20:35.661Z - GET /api/weather 200 5432 B - 6.284 ms
2021-07-01T11:20:35.670Z - GET /api/city 200 11 B - 5.715 ms
2021-07-01T11:20:49.538Z - GET /api/weather 200 5432 B - 4.468 ms
2021-07-01T11:20:49.542Z - GET /api/city 200 11 B - 1.934 ms
2021-07-01T11:21:01.911Z - GET /api/weather 200 5432 B - 17.997 ms
2021-07-01T11:21:02.443Z - GET /api/city 200 34 B - 548.931 ms
2021-07-01T11:23:54.410Z - POST /api/city/name 200 18 B - 4.293 ms
2021-07-01T11:24:32.149Z - GET /api/weather 200 5432 B - 20.027 ms
2021-07-01T11:24:32.453Z - GET /api/city 200 34 B - 324.558 ms
2021-07-01T11:24:35.260Z - POST /api/city/name 200 20 B - 0.438 ms
2021-07-01T11:24:57.770Z - GET /api/weather 200 5432 B - 19.503 ms
2021-07-01T11:24:58.138Z - GET /api/city 200 34 B - 386.429 ms
2021-07-01T11:25:01.078Z - POST /api/city/name 200 18 B - 1.447 ms
2021-07-01T11:25:24.483Z - GET /api/weather 200 5432 B - 19.274 ms
2021-07-01T11:25:24.870Z - GET /api/city 200 34 B - 405.860 ms
2021-07-01T11:25:59.698Z - POST /api/city/name - - B - - ms
2021-07-01T11:26:00.299Z - GET /api/weather 200 5432 B - 24.462 ms
2021-07-01T11:26:00.657Z - GET /api/city 200 34 B - 380.768 ms
2021-07-01T11:26:51.010Z - POST /api/city/name - - B - - ms
2021-07-01T11:26:51.536Z - GET /api/weather 200 5432 B - 8.166 ms
2021-07-01T11:26:51.788Z - GET /api/city 200 34 B - 257.689 ms
2021-07-01T11:27:24.622Z - POST /api/city/name - - B - - ms
2021-07-01T11:27:25.143Z - GET /api/weather 200 5432 B - 6.840 ms
2021-07-01T11:27:25.426Z - GET /api/city 200 34 B - 288.917 ms
2021-07-01T11:28:18.252Z - GET /api/weather 200 5432 B - 19.871 ms
2021-07-01T11:28:18.561Z - GET /api/city 200 34 B - 328.264 ms
2021-07-01T11:29:17.719Z - GET /api/weather 200 5432 B - 18.959 ms
2021-07-01T11:29:18.035Z - GET /api/city 200 34 B - 333.902 ms
2021-07-01T11:29:39.976Z - POST /api/city/name - - B - - ms
2021-07-01T11:29:40.749Z - GET /api/weather 200 5432 B - 19.420 ms
2021-07-01T11:29:41.066Z - GET /api/city 200 34 B - 335.291 ms
2021-07-01T11:30:42.679Z - POST /api/city/name - - B - - ms
2021-07-01T11:30:43.269Z - GET /api/weather 200 5432 B - 16.706 ms
2021-07-01T11:30:43.608Z - GET /api/city 200 34 B - 354.016 ms
2021-07-01T11:32:44.402Z - GET /api/weather 200 5432 B - 18.806 ms
2021-07-01T11:32:44.719Z - GET /api/city 200 34 B - 334.430 ms
2021-07-01T11:33:12.782Z - POST /api/city/name - - B - - ms
2021-07-01T11:33:13.305Z - GET /api/weather 200 5432 B - 7.599 ms
2021-07-01T11:33:13.569Z - GET /api/city 200 34 B - 269.090 ms
2021-07-01T11:33:45.876Z - GET /api/weather 200 5432 B - 20.079 ms
2021-07-01T11:33:46.217Z - GET /api/city 200 34 B - 362.047 ms
2021-07-01T11:34:34.278Z - POST /api/city/name - - B - - ms
2021-07-01T11:34:34.812Z - GET /api/weather 200 5432 B - 8.263 ms
2021-07-01T11:34:35.133Z - GET /api/city 200 34 B - 325.306 ms
2021-07-01T11:35:21.087Z - GET /api/weather 200 5432 B - 7.313 ms
2021-07-01T11:35:21.345Z - GET /api/city 200 34 B - 263.644 ms
2021-07-01T11:35:49.623Z - GET /api/city 500 168 B - 480.001 ms
2021-07-01T11:37:35.633Z - GET /api/weather 200 5432 B - 20.395 ms
2021-07-01T11:37:36.007Z - GET /api/city 200 34 B - 394.598 ms
2021-07-01T11:39:17.890Z - POST /api/city/name - - B - - ms
2021-07-01T11:39:18.445Z - GET /api/weather 200 5432 B - 8.357 ms
2021-07-01T11:39:18.766Z - GET /api/city 200 34 B - 327.952 ms
2021-07-01T11:44:14.263Z - GET /api/weather 200 5431 B - 19.533 ms
2021-07-01T11:44:14.582Z - GET /api/city 200 34 B - 337.077 ms
2021-07-01T11:44:45.919Z - GET /api/weather 200 5431 B - 24.375 ms
2021-07-01T11:46:17.085Z - GET /api/weather 200 5431 B - 20.197 ms
2021-07-01T11:46:17.411Z - GET /api/city 200 34 B - 345.918 ms
2021-07-01T11:47:09.476Z - GET /api/weather 200 5431 B - 19.225 ms
2021-07-01T11:47:09.827Z - GET /api/city 200 34 B - 369.476 ms
2021-07-01T11:48:06.086Z - POST /api/city/name - - B - - ms
2021-07-01T11:48:06.621Z - GET /api/weather 200 5431 B - 8.824 ms
2021-07-01T11:48:06.900Z - GET /api/city 200 34 B - 285.649 ms
2021-07-01T11:48:26.785Z - POST /api/city/name - - B - - ms
2021-07-01T11:48:27.331Z - GET /api/weather 200 5431 B - 6.981 ms
2021-07-01T11:48:27.591Z - GET /api/city 200 34 B - 265.089 ms
2021-07-01T11:49:32.067Z - GET /api/city 200 34 B - 358.332 ms
2021-07-01T11:51:29.888Z - GET /api/weather 200 5431 B - 6.395 ms
2021-07-01T11:51:30.096Z - GET /api/city 200 34 B - 203.843 ms
2021-07-01T11:51:51.717Z - GET /api/city 200 34 B - 137.156 ms
2021-07-01T11:52:46.885Z - POST /api/city - - B - - ms
2021-07-01T11:52:48.277Z - GET /api/weather 200 5431 B - 7.374 ms
2021-07-01T11:52:48.410Z - GET /api/city 200 34 B - 137.418 ms
2021-07-01T11:52:51.707Z - POST /api/city/name 404 96 B - 0.541 ms
2021-07-01T11:54:22.493Z - GET /api/weather 200 5431 B - 22.079 ms
2021-07-01T11:54:22.600Z - GET /api/city 200 34 B - 151.715 ms
2021-07-01T11:54:25.699Z - POST /api/city/name 404 96 B - 0.334 ms
2021-07-01T11:54:54.742Z - GET /api/weather 200 5431 B - 20.288 ms
2021-07-01T11:55:26.014Z - POST /api/city/name - - B - - ms
2021-07-01T11:55:26.568Z - GET /api/weather 200 5431 B - 17.671 ms
2021-07-01T11:58:00.161Z - POST /api/city/name - - B - - ms
2021-07-01T11:58:00.845Z - GET /api/weather 200 5431 B - 7.742 ms
2021-07-01T11:58:05.314Z - GET /api/city 200 34 B - 4473.157 ms
2021-07-01T11:58:17.227Z - POST /api/city/name - - B - - ms
2021-07-01T11:58:17.784Z - GET /api/weather 200 5431 B - 5.640 ms
2021-07-01T11:58:18.052Z - GET /api/city 200 34 B - 269.170 ms
2021-07-01T11:59:48.326Z - POST /api/city/name - - B - - ms
2021-07-01T11:59:48.919Z - GET /api/weather 200 5431 B - 5.665 ms
2021-07-01T11:59:49.174Z - GET /api/city 200 34 B - 259.456 ms
2021-07-01T12:09:34.384Z - GET /api/weather 200 5499 B - 25.993 ms
2021-07-01T12:09:34.715Z - GET /api/city 200 34 B - 355.002 ms
2021-07-01T12:13:04.337Z - POST /api/city/name - - B - - ms
2021-07-01T12:13:04.932Z - GET /api/weather 200 5499 B - 10.574 ms
2021-07-01T12:13:05.349Z - GET /api/city 200 34 B - 425.537 ms
2021-07-01T12:17:21.514Z - GET /api/weather 200 5499 B - 2.870 ms
2021-07-01T12:17:21.836Z - GET /api/city 200 34 B - 316.406 ms
2021-07-01T12:18:55.025Z - POST /api/city/name 500 168 B - 284.186 ms
2021-07-01T12:19:14.702Z - GET /api/city 404 96 B - 2.234 ms
2021-07-01T12:19:27.066Z - GET /api/city 404 96 B - 1.582 ms
2021-07-01T12:20:34.137Z - GET /api/city 404 96 B - 3.503 ms
2021-07-01T12:20:34.157Z - GET /api/weather 200 5432 B - 13.412 ms
2021-07-01T12:20:48.733Z - POST /api/city/name 200 30 B - 479.242 ms
2021-07-01T12:22:00.721Z - GET /api/weather 200 5432 B - 7.121 ms
2021-07-01T12:22:00.724Z - GET /api/city 404 96 B - 2.029 ms
2021-07-01T12:22:18.801Z - POST /api/city/name 200 29 B - 332.321 ms
2021-07-01T12:22:30.660Z - GET /api/name 404 96 B - 0.882 ms
2021-07-01T12:22:45.691Z - GET /api/city/name 404 96 B - 0.648 ms
2021-07-01T12:22:47.997Z - GET /api/city/name 404 96 B - 0.629 ms
2021-07-01T12:23:02.122Z - GET /api/city/name 404 96 B - 0.559 ms
2021-07-01T12:23:11.860Z - GET /api/weather 200 5432 B - 6.851 ms
2021-07-01T12:23:11.862Z - GET /api/city 404 96 B - 1.209 ms
2021-07-01T12:23:29.379Z - POST /api/city/name 200 31 B - 513.766 ms
2021-07-01T12:23:49.992Z - GET /api/weather 200 5432 B - 5.380 ms
2021-07-01T12:23:49.997Z - GET /api/city 404 96 B - 1.054 ms
2021-07-01T12:23:59.712Z - POST /api/city/name 500 168 B - 328.318 ms
2021-07-01T12:24:11.104Z - GET /api/weather 200 5432 B - 6.373 ms
2021-07-01T12:24:11.105Z - GET /api/city 404 96 B - 1.205 ms
2021-07-01T12:24:16.909Z - POST /api/city/name 200 30 B - 273.537 ms
2021-07-01T12:25:58.653Z - GET /api/weather 200 5432 B - 8.581 ms
2021-07-01T12:26:08.336Z - POST /api/city/name 200 29 B - 1389.400 ms
2021-07-01T12:26:18.800Z - GET /api/weather 200 5432 B - 3.156 ms
2021-07-01T12:26:23.666Z - POST /api/city/name 200 27 B - 1586.736 ms
2021-07-01T12:26:46.865Z - GET /api/city/name 404 96 B - 0.451 ms
2021-07-01T12:28:11.933Z - GET /api/weather 200 5432 B - 3.016 ms
2021-07-01T12:29:03.600Z - GET /api/city/name 404 96 B - 0.466 ms
2021-07-01T12:29:03.602Z - GET /api/weather 200 5432 B - 5.431 ms
2021-07-01T12:29:17.321Z - GET /api/weather 200 5432 B - 3.067 ms
2021-07-01T12:29:17.327Z - GET /api/city/name 404 96 B - 1.130 ms
2021-07-01T12:29:37.864Z - POST /api/city/name 200 29 B - 305.600 ms
2021-07-01T12:29:58.327Z - GET /api/weather 200 5432 B - 6.015 ms
2021-07-01T12:29:58.333Z - GET /api/city/name 404 96 B - 1.798 ms
2021-07-01T12:30:50.406Z - GET /api/weather 200 5432 B - 3.328 ms
2021-07-01T12:31:00.305Z - GET /api/city/name 404 96 B - 1.095 ms
2021-07-01T12:31:01.014Z - POST /api/city/name 200 29 B - 718.267 ms
2021-07-01T12:31:19.593Z - GET /api/city/name 404 96 B - 1.323 ms
2021-07-01T12:32:02.852Z - GET /api/weather 200 5432 B - 7.985 ms
2021-07-01T12:33:40.296Z - POST /api/city/name 500 168 B - 191.824 ms
2021-07-01T12:33:44.655Z - GET /api/weather 200 5432 B - 2.763 ms
2021-07-01T12:34:01.502Z - POST /api/city/name 500 168 B - 249.690 ms
2021-07-01T12:34:16.737Z - GET /api/weather 200 5432 B - 6.252 ms
2021-07-01T12:34:22.235Z - POST /api/city/name 200 30 B - 315.346 ms
2021-07-01T12:45:10.999Z - GET /api/weather 200 5426 B - 3.693 ms
2021-07-01T12:45:29.647Z - POST /api/city/name 200 472 B - 339.098 ms
2021-07-01T12:45:51.707Z - GET /api/city/name 404 96 B - 2.154 ms
2021-07-01T12:47:04.904Z - GET /api/weather 200 5426 B - 4.280 ms
2021-07-01T12:47:06.841Z - GET /api/weather 200 5426 B - 3.874 ms
2021-07-01T12:47:36.295Z - GET /api/city/name 404 96 B - 1.208 ms
2021-07-01T12:47:36.632Z - POST /api/city/name 200 486 B - 343.277 ms
2021-07-01T12:47:50.319Z - GET /api/city/name 404 96 B - 1.755 ms
2021-07-01T12:48:33.940Z - GET /api/weather 200 5426 B - 7.881 ms
2021-07-01T12:48:57.970Z - GET /api/weather 200 5426 B - 3.811 ms
2021-07-01T12:49:42.585Z - GET /api/city/name 404 96 B - 3.571 ms
2021-07-01T12:49:42.925Z - POST /api/city/name 200 503 B - 358.944 ms
2021-07-01T12:50:49.931Z - GET /api/weather 200 5426 B - 4.468 ms
2021-07-01T12:50:55.730Z - GET /api/city/name 404 96 B - 1.557 ms
2021-07-01T12:50:55.969Z - POST /api/city/name 500 174 B - 247.187 ms
2021-07-01T12:52:21.515Z - GET /api/weather 200 5426 B - 5.128 ms
2021-07-01T12:52:44.876Z - GET /api/weather 200 5426 B - 7.804 ms
2021-07-01T12:52:59.877Z - GET /api/weather 200 5426 B - 3.161 ms
2021-07-01T12:53:08.893Z - GET /api/weather 200 5426 B - 3.252 ms
2021-07-01T12:53:13.799Z - POST /api/city/name 200 472 B - 285.209 ms
2021-07-01T12:54:38.947Z - GET /api/weather 200 5426 B - 2.889 ms
2021-07-01T12:56:16.476Z - GET /api/weather 200 5426 B - 2.751 ms
2021-07-01T12:58:07.557Z - GET /api/weather 200 5426 B - 3.443 ms
2021-07-01T12:58:12.308Z - POST /api/city/name 200 486 B - 307.736 ms
2021-07-01T12:59:06.725Z - GET /api/weather 200 5426 B - 2.826 ms
2021-07-01T12:59:13.117Z - POST /api/city/name 200 486 B - 523.820 ms
2021-07-01T13:00:00.309Z - GET /api/weather 200 5426 B - 2.526 ms
2021-07-01T13:00:07.272Z - POST /api/city/name - - B - - ms
2021-07-01T13:00:07.803Z - GET /api/weather 200 5426 B - 2.578 ms
2021-07-01T13:00:15.595Z - POST /api/city/name 200 486 B - 3652.222 ms
2021-07-01T13:00:47.360Z - GET /api/weather 200 5446 B - 2.651 ms
2021-07-01T13:01:12.587Z - GET /api/weather 200 5446 B - 2.461 ms
2021-07-01T13:01:23.663Z - POST /api/city/name 200 486 B - 309.307 ms
2021-07-01T13:03:05.287Z - GET /api/weather 200 5446 B - 3.665 ms
2021-07-01T13:03:09.420Z - POST /api/city/name 200 486 B - 293.307 ms
2021-07-01T13:04:18.750Z - GET /api/weather 200 5446 B - 3.527 ms
2021-07-01T13:04:22.524Z - POST /api/city/name 200 486 B - 257.071 ms
2021-07-01T13:04:38.954Z - GET /api/weather 200 5446 B - 2.634 ms
2021-07-01T13:04:42.191Z - POST /api/city/name 200 486 B - 392.568 ms
2021-07-01T13:05:04.136Z - GET /api/weather 200 5446 B - 2.488 ms
2021-07-01T13:05:08.007Z - POST /api/city/name 200 486 B - 597.484 ms
2021-07-01T13:05:39.051Z - GET /api/weather 200 5446 B - 2.412 ms
2021-07-01T13:05:46.174Z - POST /api/city/name 200 518 B - 559.438 ms
2021-07-01T13:07:18.893Z - GET /api/weather 200 5446 B - 3.441 ms
2021-07-01T13:08:27.067Z - GET /api/weather 200 5446 B - 2.675 ms
2021-07-01T13:08:34.141Z - GET /api/weather 200 5446 B - 2.917 ms
2021-07-01T13:09:35.643Z - GET /api/weather 200 5446 B - 2.481 ms
2021-07-01T13:10:23.605Z - GET /api/weather 200 5446 B - 2.668 ms
2021-07-01T13:10:29.357Z - GET /api/weather 200 5446 B - 2.866 ms
2021-07-01T13:10:45.730Z - POST /api/city/name 200 472 B - 4479.914 ms
2021-07-01T13:11:03.782Z - GET /api/weather 200 5446 B - 2.660 ms
2021-07-01T13:11:08.003Z - POST /api/city/name 200 486 B - 1101.997 ms
2021-07-01T13:12:12.163Z - GET /api/weather 200 5446 B - 2.890 ms
2021-07-01T13:12:16.714Z - POST /api/city/name 200 486 B - 335.666 ms
2021-07-01T13:12:26.863Z - GET /api/weather 200 5446 B - 3.214 ms
2021-07-01T13:12:29.706Z - POST /api/city/name 500 174 B - 152.806 ms
2021-07-01T13:12:42.094Z - GET /api/weather 200 5446 B - 3.350 ms
2021-07-01T13:12:46.815Z - POST /api/city/name 200 486 B - 543.697 ms
2021-07-01T13:13:37.235Z - GET /api/weather 200 5446 B - 2.539 ms
2021-07-01T13:13:54.827Z - POST /api/city/name 200 486 B - 552.195 ms
2021-07-01T13:14:35.420Z - GET /api/weather 200 5446 B - 2.600 ms
2021-07-01T13:14:39.608Z - POST /api/city/name 200 486 B - 293.113 ms
2021-07-01T13:16:39.625Z - GET /api/weather 200 5446 B - 6.035 ms
2021-07-01T13:16:45.320Z - POST /api/city/name 200 486 B - 744.804 ms
2021-07-01T13:18:20.572Z - GET /api/weather 200 5446 B - 3.964 ms
2021-07-01T13:18:24.536Z - POST /api/city/name 200 474 B - 325.672 ms
2021-07-01T13:18:52.222Z - GET /api/weather 200 5446 B - 8.783 ms
2021-07-01T13:20:09.289Z - POST /api/city/name 200 474 B - 6655.155 ms
2021-07-01T13:21:29.959Z - GET /api/weather 200 5440 B - 4.525 ms
2021-07-01T13:22:03.151Z - GET /api/weather 200 5440 B - 3.108 ms
2021-07-01T13:30:01.094Z - GET /api/weather 200 5440 B - 2.815 ms
2021-07-01T13:31:04.076Z - GET /api/weather 200 5440 B - 2.691 ms
2021-07-01T13:33:07.855Z - GET /api/weather 200 5440 B - 2.671 ms
2021-07-01T13:35:10.959Z - GET /api/weather 200 5440 B - 2.623 ms
2021-07-01T13:36:07.026Z - GET /api/weather 200 5440 B - 3.301 ms
2021-07-01T13:37:40.304Z - GET /api/weather 200 5440 B - 3.711 ms
2021-07-01T13:37:44.098Z - POST /api/city/name 404 96 B - 339.831 ms
2021-07-01T13:38:45.599Z - POST /api/city/name 404 96 B - 260.557 ms
2021-07-01T13:39:20.015Z - GET /api/weather 200 5440 B - 2.798 ms
2021-07-01T13:39:24.536Z - POST /api/city/name 404 96 B - 258.509 ms
2021-07-01T13:39:36.318Z - GET /api/weather 200 5440 B - 4.069 ms
2021-07-01T13:39:38.385Z - POST /api/city/name 404 96 B - 254.826 ms
2021-07-01T13:41:08.174Z - GET /api/weather 200 5419 B - 2.716 ms
2021-07-01T13:41:11.420Z - POST /api/city/name 404 96 B - 400.469 ms
2021-07-01T13:41:24.934Z - GET /api/weather 200 5419 B - 3.292 ms
2021-07-01T13:41:28.835Z - POST /api/city/name 404 96 B - 261.026 ms
2021-07-01T13:41:56.918Z - GET /api/weather 200 5419 B - 2.627 ms
2021-07-01T13:42:48.394Z - GET /api/weather 200 5419 B - 3.204 ms
2021-07-01T13:43:15.208Z - GET /api/city/name/undefined 404 96 B - 4.256 ms
2021-07-01T13:45:07.958Z - GET /api/weather 200 5419 B - 5.077 ms
2021-07-01T13:45:22.025Z - GET /api/city/name/gf 404 96 B - 0.505 ms
2021-07-01T13:45:23.348Z - GET /api/city/name/gfdf 404 96 B - 0.372 ms
2021-07-01T13:45:29.940Z - GET /api/city/name/gfdfs 404 96 B - 0.392 ms
2021-07-01T13:45:37.945Z - GET /api/city/name/paris 404 96 B - 0.379 ms
2021-07-01T13:47:45.572Z - GET /api/city/name/pari 200 502 B - 348.655 ms
2021-07-01T13:47:46.683Z - GET /api/city/name/paris 200 475 B - 253.314 ms
2021-07-01T13:48:08.089Z - GET /api/city/name/pari 200 502 B - 263.978 ms
2021-07-01T13:51:04.781Z - GET /api/weather 200 5419 B - 4.779 ms
2021-07-01T13:51:45.652Z - GET /api/city/name/sdsd 404 96 B - 397.118 ms
2021-07-01T13:53:30.208Z - GET /api/city/name/paris 200 485 B - 378.864 ms
2021-07-01T13:53:37.358Z - GET /api/city/name/london 200 478 B - 277.581 ms
2021-07-01T13:53:41.963Z - GET /api/city/name/mos 200 510 B - 287.669 ms
2021-07-01T13:53:42.385Z - GET /api/city/name/mosc 404 96 B - 290.748 ms
2021-07-01T13:53:49.346Z - GET /api/city/name/london 200 478 B - 318.276 ms
2021-07-01T13:55:00.730Z - GET /api/weather 200 5419 B - 4.487 ms
2021-07-01T13:55:30.024Z - GET /api/weather 200 5419 B - 3.219 ms
2021-07-01T13:55:42.752Z - GET /api/city/name/paris 200 485 B - 336.309 ms
2021-07-01T13:55:46.868Z - GET /api/city/name/paris 200 485 B - 283.023 ms
2021-07-01T13:56:23.395Z - GET /api/weather 200 5419 B - 2.834 ms
2021-07-01T13:56:49.391Z - GET /api/weather 200 5419 B - 2.956 ms
2021-07-01T13:56:58.760Z - GET /api/city/name/paris 200 485 B - 263.979 ms
2021-07-01T13:57:48.731Z - GET /api/weather 200 5419 B - 2.797 ms
2021-07-01T13:57:56.016Z - GET /api/city/name/london 200 478 B - 281.123 ms
2021-07-01T13:58:32.342Z - GET /api/weather 200 5419 B - 2.610 ms
2021-07-01T13:58:40.502Z - GET /api/city/name/banjaluka 200 520 B - 254.682 ms
2021-07-01T14:01:26.925Z - GET /api/weather 200 5417 B - 2.810 ms
2021-07-01T14:01:34.271Z - GET /api/city/name/paris 200 485 B - 301.347 ms
2021-07-01T14:03:34.455Z - GET /api/weather 200 5417 B - 2.888 ms
2021-07-01T14:03:41.206Z - GET /api/city/name/dra 404 96 B - 290.293 ms
2021-07-01T14:03:44.641Z - GET /api/city/name/d 404 96 B - 263.488 ms
2021-07-01T14:03:49.819Z - GET /api/city/name/paris 200 485 B - 259.799 ms
2021-07-01T14:04:27.325Z - GET /api/city/name/londoin 404 96 B - 386.842 ms
2021-07-01T14:04:31.447Z - GET /api/city/name/lond 404 96 B - 333.816 ms
2021-07-01T14:04:32.448Z - GET /api/city/name/london 200 477 B - 265.772 ms
2021-07-01T14:04:35.146Z - GET /api/city/name/london 200 477 B - 253.716 ms
2021-07-01T14:04:47.225Z - GET /api/city/name/lo 404 96 B - 380.831 ms
2021-07-01T14:04:48.671Z - GET /api/city/name/l 404 96 B - 414.032 ms
2021-07-01T14:05:32.114Z - GET /api/weather 200 5417 B - 2.932 ms
2021-07-01T14:05:39.214Z - GET /api/city/name/paris 200 485 B - 289.539 ms
2021-07-01T14:06:22.145Z - GET /api/weather 200 5417 B - 2.574 ms
2021-07-01T14:06:33.309Z - GET /api/city/name/paris 200 485 B - 295.662 ms
2021-07-01T14:08:18.730Z - GET /api/weather 200 5417 B - 2.581 ms
2021-07-01T14:08:34.551Z - GET /api/city/name/mo 404 96 B - 291.558 ms
2021-07-01T14:08:35.691Z - GET /api/city/name/moscow 200 520 B - 260.213 ms
2021-07-01T14:09:50.878Z - GET /api/weather 200 5417 B - 2.558 ms
2021-07-01T14:09:59.310Z - GET /api/city/name/Paris 200 485 B - 633.532 ms
2021-07-01T15:57:01.771Z - GET /api/weather 200 5417 B - 11.438 ms
2021-07-01T15:57:31.740Z - GET /api/city/name/paris 200 485 B - 5501.212 ms
2021-07-01T15:57:44.770Z - GET /api/city/name/mos - - B - - ms
2021-07-01T15:57:51.173Z - GET /api/city/name/moscow 200 519 B - 6393.348 ms
2021-07-01T15:59:06.262Z - GET /api/weather 200 5417 B - 9.098 ms
2021-07-01T15:59:20.840Z - GET /api/weather 200 5417 B - 2.613 ms
2021-07-01T15:59:30.570Z - GET /api/city/name/mos - - B - - ms
2021-07-01T15:59:36.588Z - GET /api/city/name/moscow 200 519 B - 6005.846 ms
2021-07-01T16:00:53.487Z - GET /api/weather 200 5417 B - 3.009 ms
2021-07-01T16:00:55.429Z - GET /api/weather 200 5417 B - 2.612 ms
2021-07-01T16:01:02.551Z - GET /api/city/name/Mo - - B - - ms
2021-07-01T16:01:48.653Z - GET /api/city/name/Moscow - - B - - ms
2021-07-01T16:01:49.591Z - GET /api/weather 200 5417 B - 2.913 ms
2021-07-01T16:02:23.668Z - GET /api/weather 200 5417 B - 2.847 ms
2021-07-01T16:04:06.342Z - GET /api/weather 200 5417 B - 3.010 ms
2021-07-01T16:04:42.624Z - GET /api/city/name/moscow - - B - - ms
2021-07-01T16:04:43.198Z - GET /api/weather 200 5417 B - 2.647 ms
2021-07-01T16:05:34.757Z - GET /api/city/name/paris 200 485 B - 46991.186 ms
2021-07-01T16:07:42.292Z - GET /api/weather 200 5417 B - 2.876 ms
2021-07-01T16:11:50.319Z - GET /api/weather 200 5417 B - 2.566 ms
2021-07-01T16:11:56.463Z - GET /api/city/name/paris 200 484 B - 614.918 ms
2021-07-01T16:15:50.044Z - GET /api/weather 200 5417 B - 2.640 ms
2021-07-01T16:15:56.081Z - GET /api/city/name/paris 200 484 B - 1144.597 ms
2021-07-01T16:16:02.980Z - GET /api/city/name 404 96 B - 0.357 ms
2021-07-01T16:16:27.501Z - GET /api/weather 200 5417 B - 4.558 ms
2021-07-01T16:16:32.301Z - GET /api/city/name/paris 404 96 B - 3113.956 ms
2021-07-01T16:16:33.477Z - GET /api/city/name/paris 404 96 B - 10.593 ms
2021-07-01T16:16:49.698Z - GET /api/weather 200 5417 B - 2.986 ms
2021-07-01T16:17:05.800Z - GET /api/city/name/paris 404 96 B - 7155.039 ms
2021-07-01T16:17:24.091Z - GET /api/weather 200 5417 B - 2.385 ms
2021-07-01T16:17:26.402Z - GET /api/weather 200 5417 B - 2.506 ms
2021-07-01T16:17:30.474Z - GET /api/city/name/paris 404 96 B - 9.666 ms
2021-07-01T16:17:46.378Z - GET /api/weather 200 5417 B - 3.308 ms
2021-07-01T16:18:04.269Z - GET /api/city/name/london 404 96 B - 11.724 ms
2021-07-01T16:18:55.237Z - GET /api/weather 200 5417 B - 6.204 ms
2021-07-01T16:19:02.170Z - GET /api/city/name/london 404 96 B - 42.367 ms
2021-07-01T16:20:10.874Z - GET /api/weather 200 5417 B - 3.759 ms
2021-07-01T16:20:40.045Z - GET /api/weather 200 5417 B - 3.153 ms
2021-07-01T16:21:04.422Z - GET /api/weather 200 5417 B - 2.897 ms
2021-07-01T16:21:48.039Z - GET /api/weather 200 5417 B - 2.970 ms
2021-07-01T16:21:54.254Z - GET /api/city/name/london 200 472 B - 748.143 ms
2021-07-01T16:22:16.270Z - GET /api/weather 200 5417 B - 3.482 ms
2021-07-01T16:23:00.106Z - GET /api/weather 200 5417 B - 2.835 ms
2021-07-01T16:23:09.916Z - GET /api/city/name/london 200 470 B - 3833.347 ms
2021-07-01T16:23:58.943Z - GET /api/weather 200 5417 B - 2.937 ms
2021-07-01T16:25:53.391Z - GET /api/weather 200 5417 B - 2.637 ms
2021-07-01T16:26:00.814Z - GET /api/city/name/paris 200 488 B - 1807.613 ms
2021-07-01T16:26:02.810Z - GET /api/city/name/paris 200 488 B - 1923.031 ms
2021-07-01T16:27:03.169Z - GET /api/weather 200 5417 B - 3.246 ms
2021-07-01T16:28:33.389Z - GET /api/weather 200 5417 B - 2.948 ms
2021-07-01T16:28:38.813Z - GET /api/city/name/london 200 470 B - 653.977 ms
2021-07-01T16:28:59.507Z - GET /api/weather 200 5417 B - 2.665 ms
2021-07-01T16:29:24.422Z - GET /api/weather 200 5417 B - 4.405 ms
2021-07-01T16:29:31.495Z - GET /api/city/name/london 200 470 B - 532.516 ms
2021-07-01T16:30:56.415Z - GET /api/weather 200 5417 B - 2.773 ms
2021-07-01T16:34:58.405Z - GET /api/weather 200 5417 B - 2.758 ms
2021-07-01T16:35:03.398Z - GET /api/city/name/paaris 404 96 B - 664.701 ms
2021-07-01T16:35:08.671Z - GET /api/city/name/paris 200 488 B - 336.091 ms
2021-07-01T16:36:07.751Z - GET /api/weather 200 5417 B - 3.147 ms
2021-07-01T16:36:15.685Z - GET /api/city/name/paris 200 476 B - 1736.136 ms
2021-07-01T16:36:37.521Z - GET /api/weather 200 5417 B - 2.532 ms
2021-07-01T16:36:42.132Z - GET /api/city/name/paris 200 476 B - 655.277 ms
2021-07-01T16:37:27.448Z - GET /api/weather 200 5417 B - 2.773 ms
2021-07-01T16:42:00.679Z - GET /api/weather 200 5437 B - 2.420 ms
2021-07-01T16:42:08.887Z - GET /api/city/name/london 200 477 B - 565.490 ms
2021-07-01T16:42:55.248Z - GET /api/weather 200 5437 B - 2.910 ms
2021-07-01T16:49:14.803Z - GET /api/weather 200 5437 B - 2.532 ms
2021-07-01T16:49:23.719Z - GET /api/city/name/banjaluka 200 520 B - 676.816 ms
2021-07-01T16:55:15.120Z - GET /api/weather 200 5437 B - 3.201 ms
2021-07-01T16:55:19.261Z - GET /api/weather 200 5437 B - 2.339 ms
2021-07-01T16:55:24.637Z - GET /api/city/name/london 200 477 B - 726.128 ms
2021-07-01T16:55:43.024Z - GET /api/weather 200 5437 B - 3.563 ms
2021-07-01T16:55:56.479Z - GET /api/weather 200 5437 B - 2.626 ms
2021-07-01T16:56:03.218Z - GET /api/city/name/name 200 501 B - 542.797 ms
2021-07-01T16:57:37.101Z - GET /api/weather 200 5437 B - 2.650 ms
2021-07-01T16:57:44.113Z - GET /api/city/name/London 200 477 B - 492.099 ms
2021-07-01T16:57:57.347Z - GET /api/weather 200 5437 B - 2.711 ms
2021-07-01T16:58:24.235Z - GET /api/weather 200 5437 B - 2.656 ms
2021-07-01T16:59:23.143Z - GET /api/weather 200 5437 B - 2.610 ms
2021-07-01T16:59:31.648Z - GET /api/city/name/London 200 476 B - 527.187 ms
2021-07-01T16:59:34.312Z - POST /api/weather 500 166 B - 306.805 ms
2021-07-01T17:00:59.947Z - GET /api/weather 200 5437 B - 6.621 ms
2021-07-01T17:01:07.737Z - GET /api/city/name/Paris 200 485 B - 2211.955 ms
2021-07-01T17:01:14.942Z - POST /api/weather 500 166 B - 328.238 ms
2021-07-01T17:03:01.822Z - GET /api/weather 200 5437 B - 6.059 ms
2021-07-01T17:03:08.622Z - GET /api/city/name/Neve 404 96 B - 675.500 ms
2021-07-01T17:03:09.863Z - GET /api/city/name/Nevesinje 200 515 B - 663.642 ms
2021-07-01T17:03:15.919Z - POST /api/weather 500 164 B - 311.590 ms
2021-07-01T17:03:36.567Z - GET /api/weather 200 5437 B - 3.825 ms
2021-07-01T17:03:42.374Z - GET /api/city/name/paris 200 485 B - 514.484 ms
2021-07-01T17:03:44.124Z - POST /api/weather 500 164 B - 254.149 ms
2021-07-01T17:05:29.016Z - GET /api/weather 200 5437 B - 6.077 ms
2021-07-01T17:05:35.189Z - GET /api/city/name/london 200 476 B - 919.618 ms
2021-07-01T17:05:36.691Z - POST /api/weather 500 170 B - 349.616 ms
2021-07-01T17:06:59.452Z - GET /api/city/name/par - - B - - ms
2021-07-01T17:07:00.181Z - GET /api/city/name/paris 200 485 B - 712.889 ms
2021-07-01T17:07:04.855Z - POST /api/weather 200 22 B - 287.390 ms
2021-07-01T17:08:07.129Z - GET /api/city/name/nevesinje 200 515 B - 717.140 ms
2021-07-01T17:08:09.066Z - POST /api/weather 200 22 B - 337.131 ms
2021-07-01T17:09:08.015Z - GET /api/city/name/nevesinje 200 515 B - 691.008 ms
2021-07-01T17:09:11.173Z - POST /api/weather 200 22 B - 327.304 ms
2021-07-01T17:09:15.662Z - GET /api/weather 200 5990 B - 4.685 ms
2021-07-01T17:10:09.903Z - GET /api/city/name/Paris 200 485 B - 1916.011 ms
2021-07-01T17:10:11.920Z - POST /api/weather 200 22 B - 252.684 ms
2021-07-01T17:10:14.379Z - GET /api/weather 200 6513 B - 4.174 ms
