2021-07-06T08:15:43.438Z - GET / 404 96 B - 2.984 ms
2021-07-06T08:15:43.485Z - GET /favicon.ico 404 96 B - 0.857 ms
2021-07-06T08:15:45.878Z - GET / 404 96 B - 0.280 ms
2021-07-06T08:15:57.608Z - GET /api/weather 200 6954 B - 4.870 ms
2021-07-06T08:16:00.134Z - GET /api/weather 200 6954 B - 3.793 ms
2021-07-06T08:16:17.905Z - GET /api/weather 200 6954 B - 3.591 ms
2021-07-06T08:23:48.786Z - GET /api/weather 200 6966 B - 2.803 ms
2021-07-06T08:24:06.356Z - GET /api/weather 200 6966 B - 7.476 ms
2021-07-06T08:24:18.462Z - GET /api/name/Ne 404 96 B - 0.913 ms
2021-07-06T08:24:23.794Z - GET /api/name/Madr 404 96 B - 0.428 ms
2021-07-06T08:24:24.513Z - GET /api/name/Madrid 404 96 B - 0.303 ms
2021-07-06T08:25:26.650Z - GET /api/weather 200 6966 B - 5.497 ms
2021-07-06T08:25:32.431Z - GET /api/city/madrid 200 482 B - 331.763 ms
2021-07-06T08:25:37.040Z - POST /api/weather 200 22 B - 133.335 ms
2021-07-06T08:26:04.758Z - GET /api/city/madri 200 2 B - 218.470 ms
2021-07-06T08:26:07.386Z - GET /api/city/milano 200 482 B - 128.925 ms
2021-07-06T08:26:09.922Z - POST /api/weather 200 22 B - 132.228 ms
2021-07-06T08:26:48.546Z - GET /api/weather 200 8002 B - 4.436 ms
2021-07-06T08:28:19.807Z - GET /api/weather 200 8002 B - 8.311 ms
2021-07-06T08:32:42.611Z - GET /api/weather 200 8002 B - 3.354 ms
2021-07-06T08:33:08.334Z - GET /api/weather 200 8002 B - 2.898 ms
2021-07-06T08:42:08.103Z - GET /api/weather 200 8014 B - 3.219 ms
2021-07-06T08:42:47.419Z - GET /api/weather 200 8014 B - 2.704 ms
2021-07-06T08:42:50.606Z - GET /api/weather 200 8014 B - 3.152 ms
2021-07-06T08:42:54.218Z - GET /api/weather 200 8014 B - 2.659 ms
2021-07-06T08:43:04.668Z - GET /api/weather 200 8014 B - 2.629 ms
2021-07-06T08:43:12.299Z - GET /api/weather 200 8014 B - 3.390 ms
2021-07-06T08:44:51.273Z - GET /api/weather 200 8014 B - 2.613 ms
2021-07-06T08:45:02.052Z - GET /api/weather 200 8014 B - 2.916 ms
2021-07-06T08:45:13.998Z - GET /api/weather 200 8014 B - 2.694 ms
2021-07-06T08:45:20.793Z - GET /api/weather 200 8014 B - 2.860 ms
2021-07-06T08:45:25.461Z - GET /api/weather 200 8014 B - 3.488 ms
2021-07-06T08:45:27.933Z - GET /api/weather 200 8014 B - 2.585 ms
2021-07-06T08:45:55.331Z - GET /api/weather 200 8014 B - 3.270 ms
2021-07-06T08:46:18.198Z - GET /api/weather 200 8014 B - 2.798 ms
2021-07-06T08:46:22.015Z - GET /api/weather 200 8014 B - 2.792 ms
2021-07-06T08:46:39.359Z - GET /api/weather 200 8014 B - 2.511 ms
2021-07-06T08:46:48.288Z - GET /api/weather 200 8014 B - 2.613 ms
2021-07-06T09:29:29.246Z - GET /api/city/b 200 2 B - 279.880 ms
2021-07-06T09:29:30.962Z - GET /api/city/beograd 200 484 B - 128.902 ms
2021-07-06T09:29:45.924Z - GET /api/weather 200 7988 B - 2.496 ms
2021-07-06T10:22:07.165Z - GET /api/city/ma 200 2 B - 1162.050 ms
2021-07-06T10:22:07.375Z - GET /api/city/mala 200 507 B - 189.565 ms
2021-07-06T10:22:07.892Z - GET /api/city/malaga 200 484 B - 149.964 ms
2021-07-06T10:22:26.288Z - POST /api/weather 200 22 B - 155.763 ms
2021-07-06T10:22:50.821Z - GET /api/weather 200 8515 B - 2.563 ms
2021-07-06T10:23:38.180Z - GET /api/city/gradiska 200 516 B - 169.720 ms
2021-07-06T10:25:08.182Z - POST /api/weather 200 22 B - 471.495 ms
2021-07-06T10:26:27.915Z - GET /api/city/grad 200 508 B - 245.409 ms
2021-07-06T10:31:08.318Z - GET /api/weather 200 9067 B - 7.207 ms
2021-07-06T10:37:05.930Z - GET /api/city/sdha 200 2 B - 305.189 ms
2021-07-06T10:54:49.347Z - GET /api/city/l 200 2 B - 3466.010 ms
2021-07-06T11:00:41.357Z - GET /api/weather 200 9089 B - 3.970 ms
2021-07-06T11:00:56.949Z - GET /api/city/gasdh - - B - - ms
2021-07-06T12:36:23.985Z - GET /api/weather 200 9110 B - 3.680 ms
2021-07-06T12:38:27.756Z - GET /api/weather 200 9110 B - 3.053 ms
2021-07-06T12:38:39.278Z - GET /api/city/be 200 2 B - 174.644 ms
2021-07-06T12:38:44.091Z - GET /api/city/trebinje 200 471 B - 137.268 ms
2021-07-06T12:38:46.393Z - POST /api/weather 200 22 B - 135.327 ms
2021-07-06T12:39:52.848Z - GET /api/city/mos 200 488 B - 207.075 ms
2021-07-06T12:40:35.192Z - GET /api/weather 200 9617 B - 7.519 ms
2021-07-06T12:40:57.186Z - GET /api/weather 200 9617 B - 10.420 ms
2021-07-06T12:41:09.579Z - GET /api/city/na 200 2 B - 222.347 ms
2021-07-06T12:41:11.939Z - GET /api/city/bud 200 525 B - 231.554 ms
2021-07-06T12:41:14.264Z - GET /api/city/kotor 200 466 B - 141.492 ms
2021-07-06T12:41:17.314Z - POST /api/weather 200 22 B - 137.848 ms
2021-07-06T12:42:08.494Z - GET /api/weather 200 10119 B - 3.788 ms
2021-07-06T12:42:43.838Z - GET /api/weather 200 10119 B - 3.692 ms
2021-07-06T12:44:21.377Z - GET /api/weather 200 10119 B - 3.105 ms
2021-07-06T12:50:38.449Z - GET /api/weather 200 10119 B - 3.270 ms
2021-07-06T12:52:49.932Z - GET /api/city/budbv 200 2 B - 310.050 ms
2021-07-06T12:52:50.502Z - GET /api/city/bud 200 523 B - 199.318 ms
2021-07-06T12:52:51.130Z - GET /api/city/budva 200 464 B - 160.385 ms
2021-07-06T12:52:55.153Z - POST /api/weather 200 22 B - 8.457 ms
