2021-06-30T07:16:24.781Z - info: APPLICATION: Environment: local!
2021-06-30T07:16:24.784Z - info: MONGO: Connection attempted with local:local
2021-06-30T07:16:24.834Z - info: MONGO: Mongoose connected!
2021-06-30T07:16:25.080Z - info: NODE: HTTPS listening on port 8043.
2021-06-30T09:31:09.070Z - info: APPLICATION: Environment: local!
2021-06-30T09:31:09.073Z - info: MONGO: Connection attempted with local:local
2021-06-30T09:31:09.116Z - info: MONGO: Mongoose connected!
2021-06-30T09:31:09.330Z - info: NODE: HTTPS listening on port 8043.
2021-06-30T12:48:45.647Z - info: APPLICATION: Environment: local!
2021-06-30T12:48:45.650Z - info: MONGO: Connection attempted with local:local
2021-06-30T12:48:45.694Z - info: MONGO: Mongoose connected!
2021-06-30T12:48:45.901Z - info: NODE: HTTPS listening on port 8043.
2021-06-30T14:14:13.731Z - info: MONGO: Mongoose disconnected!
2021-06-30T14:14:18.819Z - info: APPLICATION: Environment: local!
2021-06-30T14:14:18.822Z - info: MONGO: Connection attempted with local:local
2021-06-30T14:14:18.873Z - info: MONGO: Mongoose connected!
2021-06-30T14:14:19.078Z - info: NODE: HTTPS listening on port 8043.
2021-06-30T14:14:33.340Z - info: MONGO: Mongoose disconnected!
2021-06-30T14:15:05.008Z - info: APPLICATION: Environment: local!
2021-06-30T14:15:05.011Z - info: MONGO: Connection attempted with local:local
2021-06-30T14:15:05.052Z - info: MONGO: Mongoose connected!
2021-06-30T14:15:05.258Z - info: NODE: HTTPS listening on port 8043.
2021-06-30T14:15:32.556Z - info: MONGO: Mongoose disconnected!
2021-06-30T14:15:36.068Z - info: APPLICATION: Environment: local!
2021-06-30T14:15:36.071Z - info: MONGO: Connection attempted with local:local
2021-06-30T14:15:36.112Z - info: MONGO: Mongoose connected!
2021-06-30T14:15:36.310Z - info: NODE: HTTPS listening on port 8043.
2021-06-30T14:16:45.094Z - info: MONGO: Mongoose disconnected!
2021-06-30T19:10:04.128Z - info: APPLICATION: Environment: local!
2021-06-30T19:10:04.132Z - info: MONGO: Connection attempted with local:local
2021-06-30T19:10:04.177Z - info: MONGO: Mongoose connected!
2021-06-30T19:10:04.381Z - info: NODE: HTTPS listening on port 8043.
2021-06-30T19:31:02.416Z - info: MONGO: Mongoose disconnected!
2021-06-30T19:31:07.736Z - info: APPLICATION: Environment: local!
2021-06-30T19:31:07.739Z - info: MONGO: Connection attempted with local:local
2021-06-30T19:31:07.788Z - info: MONGO: Mongoose connected!
2021-06-30T19:31:08.014Z - info: NODE: HTTPS listening on port 8043.
2021-06-30T19:31:54.943Z - info: MONGO: Mongoose disconnected!
2021-06-30T19:31:58.493Z - info: APPLICATION: Environment: local!
2021-06-30T19:31:58.497Z - info: MONGO: Connection attempted with local:local
2021-06-30T19:31:58.540Z - info: MONGO: Mongoose connected!
2021-06-30T19:31:58.767Z - info: NODE: HTTPS listening on port 8043.
2021-06-30T19:32:26.255Z - info: MONGO: Mongoose disconnected!
2021-06-30T19:32:30.143Z - info: APPLICATION: Environment: local!
2021-06-30T19:32:30.147Z - info: MONGO: Connection attempted with local:local
2021-06-30T19:32:30.204Z - info: MONGO: Mongoose connected!
2021-06-30T19:32:30.446Z - info: NODE: HTTPS listening on port 8043.
2021-06-30T19:32:59.737Z - info: MONGO: Mongoose disconnected!
2021-06-30T19:33:04.246Z - info: APPLICATION: Environment: local!
2021-06-30T19:33:04.249Z - info: MONGO: Connection attempted with local:local
2021-06-30T19:33:04.298Z - info: MONGO: Mongoose connected!
2021-06-30T19:33:04.496Z - info: NODE: HTTPS listening on port 8043.
2021-06-30T19:33:32.587Z - info: MONGO: Mongoose disconnected!
2021-06-30T19:33:36.223Z - info: APPLICATION: Environment: local!
2021-06-30T19:33:36.226Z - info: MONGO: Connection attempted with local:local
2021-06-30T19:33:36.279Z - info: MONGO: Mongoose connected!
2021-06-30T19:33:36.503Z - info: NODE: HTTPS listening on port 8043.
2021-06-30T19:35:02.312Z - info: MONGO: Mongoose disconnected!
2021-06-30T19:35:06.693Z - info: APPLICATION: Environment: local!
2021-06-30T19:35:06.696Z - info: MONGO: Connection attempted with local:local
2021-06-30T19:35:06.744Z - info: MONGO: Mongoose connected!
2021-06-30T19:35:06.963Z - info: NODE: HTTPS listening on port 8043.
2021-06-30T19:36:27.515Z - info: MONGO: Mongoose disconnected!
2021-06-30T19:36:31.531Z - info: APPLICATION: Environment: local!
2021-06-30T19:36:31.534Z - info: MONGO: Connection attempted with local:local
2021-06-30T19:36:31.585Z - info: MONGO: Mongoose connected!
2021-06-30T19:36:31.815Z - info: NODE: HTTPS listening on port 8043.
2021-06-30T19:36:57.576Z - info: MONGO: Mongoose disconnected!
2021-06-30T19:37:02.033Z - info: APPLICATION: Environment: local!
2021-06-30T19:37:02.048Z - info: MONGO: Connection attempted with local:local
2021-06-30T19:37:02.104Z - info: MONGO: Mongoose connected!
2021-06-30T19:37:02.308Z - info: NODE: HTTPS listening on port 8043.
2021-06-30T19:39:02.538Z - info: MONGO: Mongoose disconnected!
2021-06-30T19:39:07.353Z - info: APPLICATION: Environment: local!
2021-06-30T19:39:07.357Z - info: MONGO: Connection attempted with local:local
2021-06-30T19:39:07.403Z - info: MONGO: Mongoose connected!
2021-06-30T19:39:07.634Z - info: NODE: HTTPS listening on port 8043.
2021-06-30T19:39:32.994Z - info: MONGO: Mongoose disconnected!
2021-06-30T19:39:36.806Z - info: APPLICATION: Environment: local!
2021-06-30T19:39:36.810Z - info: MONGO: Connection attempted with local:local
2021-06-30T19:39:36.867Z - info: MONGO: Mongoose connected!
2021-06-30T19:39:37.176Z - info: NODE: HTTPS listening on port 8043.
2021-06-30T19:40:16.639Z - info: MONGO: Mongoose disconnected!
2021-06-30T19:40:20.487Z - info: APPLICATION: Environment: local!
2021-06-30T19:40:20.490Z - info: MONGO: Connection attempted with local:local
2021-06-30T19:40:20.545Z - info: MONGO: Mongoose connected!
2021-06-30T19:40:20.771Z - info: NODE: HTTPS listening on port 8043.
2021-06-30T19:42:27.500Z - info: MONGO: Mongoose disconnected!
2021-06-30T19:42:31.601Z - info: APPLICATION: Environment: local!
2021-06-30T19:42:31.605Z - info: MONGO: Connection attempted with local:local
2021-06-30T19:42:31.659Z - info: MONGO: Mongoose connected!
2021-06-30T19:42:31.880Z - info: NODE: HTTPS listening on port 8043.
2021-06-30T19:42:57.673Z - info: MONGO: Mongoose disconnected!
2021-06-30T19:43:01.602Z - info: APPLICATION: Environment: local!
2021-06-30T19:43:01.605Z - info: MONGO: Connection attempted with local:local
2021-06-30T19:43:01.659Z - info: MONGO: Mongoose connected!
2021-06-30T19:43:01.883Z - info: NODE: HTTPS listening on port 8043.
2021-06-30T19:43:31.435Z - info: MONGO: Mongoose disconnected!
2021-06-30T19:43:35.325Z - info: APPLICATION: Environment: local!
2021-06-30T19:43:35.329Z - info: MONGO: Connection attempted with local:local
2021-06-30T19:43:35.384Z - info: MONGO: Mongoose connected!
2021-06-30T19:43:35.639Z - info: NODE: HTTPS listening on port 8043.
