2021-07-06T08:13:52.542Z - info: APPLICATION: Environment: local!
2021-07-06T08:13:52.545Z - info: MONGO: Connection attempted with local:local
2021-07-06T08:13:52.607Z - info: MONGO: Mongoose connected!
2021-07-06T08:13:52.854Z - info: NODE: HTTPS listening on port 8043.
2021-07-06T08:15:43.434Z - error: Route not found!
2021-07-06T08:15:43.483Z - error: Route not found!
2021-07-06T08:15:45.876Z - error: Route not found!
2021-07-06T08:23:51.967Z - info: MONGO: Mongoose disconnected!
2021-07-06T08:23:55.427Z - info: APPLICATION: Environment: local!
2021-07-06T08:23:55.430Z - info: MONGO: Connection attempted with local:local
2021-07-06T08:23:55.475Z - info: MONGO: Mongoose connected!
2021-07-06T08:23:55.680Z - info: NODE: HTTPS listening on port 8043.
2021-07-06T08:24:18.461Z - error: Route not found!
2021-07-06T08:24:23.792Z - error: Route not found!
2021-07-06T08:24:24.512Z - error: Route not found!
2021-07-06T08:25:47.332Z - info: MONGO: Mongoose disconnected!
2021-07-06T08:25:50.316Z - info: APPLICATION: Environment: local!
2021-07-06T08:25:50.320Z - info: MONGO: Connection attempted with local:local
2021-07-06T08:25:50.372Z - info: MONGO: Mongoose connected!
2021-07-06T08:25:50.564Z - info: NODE: HTTPS listening on port 8043.
2021-07-06T10:30:23.876Z - info: MONGO: Mongoose disconnected!
2021-07-06T10:30:56.472Z - info: APPLICATION: Environment: local!
2021-07-06T10:30:56.475Z - info: MONGO: Connection attempted with local:local
2021-07-06T10:30:56.541Z - info: MONGO: Mongoose connected!
2021-07-06T10:30:56.774Z - info: NODE: HTTPS listening on port 8043.
2021-07-06T12:39:01.016Z - info: MONGO: Mongoose disconnected!
2021-07-06T12:39:27.870Z - info: APPLICATION: Environment: local!
2021-07-06T12:39:27.873Z - info: MONGO: Connection attempted with local:local
2021-07-06T12:39:27.926Z - info: MONGO: Mongoose connected!
2021-07-06T12:39:28.205Z - info: NODE: HTTPS listening on port 8043.
2021-07-06T12:40:00.704Z - info: MONGO: Mongoose disconnected!
2021-07-06T12:40:26.218Z - info: APPLICATION: Environment: local!
2021-07-06T12:40:26.222Z - info: MONGO: Connection attempted with local:local
2021-07-06T12:40:26.272Z - info: MONGO: Mongoose connected!
2021-07-06T12:40:26.467Z - info: NODE: HTTPS listening on port 8043.
2021-07-06T12:50:46.617Z - info: MONGO: Mongoose disconnected!
2021-07-06T12:50:50.774Z - info: APPLICATION: Environment: local!
2021-07-06T12:50:50.777Z - info: MONGO: Connection attempted with local:local
2021-07-06T12:50:50.825Z - info: MONGO: Mongoose connected!
2021-07-06T12:50:51.036Z - info: NODE: HTTPS listening on port 8043.
