2021-06-28T07:15:15.629Z - info: APPLICATION: Environment: local!
2021-06-28T07:15:15.632Z - info: MONGO: Connection attempted with local:local
2021-06-28T07:15:15.691Z - info: MONGO: Mongoose connected!
2021-06-28T07:15:15.919Z - info: NODE: HTTPS listening on port 8043.
2021-06-28T07:28:26.271Z - info: MONGO: Mongoose disconnected!
2021-06-28T07:28:41.892Z - info: APPLICATION: Environment: local!
2021-06-28T07:28:41.895Z - info: MONGO: Connection attempted with local:local
2021-06-28T07:28:41.948Z - info: MONGO: Mongoose connected!
2021-06-28T07:28:42.145Z - info: NODE: HTTPS listening on port 8043.
2021-06-28T07:29:10.617Z - info: MONGO: Mongoose disconnected!
2021-06-28T07:29:43.621Z - info: APPLICATION: Environment: local!
2021-06-28T07:29:43.625Z - info: MONGO: Connection attempted with local:local
2021-06-28T07:29:43.670Z - info: MONGO: Mongoose connected!
2021-06-28T07:29:43.868Z - info: NODE: HTTPS listening on port 8043.
2021-06-28T07:30:03.401Z - info: MONGO: Mongoose disconnected!
2021-06-28T08:23:11.986Z - info: APPLICATION: Environment: local!
2021-06-28T08:23:11.990Z - info: MONGO: Connection attempted with local:local
2021-06-28T08:23:12.044Z - info: MONGO: Mongoose connected!
2021-06-28T08:23:12.251Z - info: NODE: HTTPS listening on port 8043.
2021-06-28T09:26:30.458Z - info: APPLICATION: Environment: local!
2021-06-28T09:26:30.462Z - info: MONGO: Connection attempted with local:local
2021-06-28T09:26:30.511Z - info: MONGO: Mongoose connected!
2021-06-28T09:26:30.696Z - info: NODE: HTTPS listening on port 8043.
