2021-06-18T09:32:01.181Z - info: APPLICATION: Environment: local!
2021-06-18T09:32:01.184Z - info: MONGO: Connection attempted with local:local
2021-06-18T09:32:01.235Z - info: MONGO: Mongoose connected!
2021-06-18T09:32:01.507Z - info: NODE: HTTPS listening on port 8043.
2021-06-18T10:11:28.541Z - info: MONGO: Mongoose disconnected!
2021-06-18T10:38:26.806Z - info: APPLICATION: Environment: local!
2021-06-18T10:38:26.809Z - info: MONGO: Connection attempted with local:local
2021-06-18T10:38:26.863Z - info: MONGO: Mongoose connected!
2021-06-18T10:38:27.073Z - info: NODE: HTTPS listening on port 8043.
2021-06-18T12:10:07.590Z - error: Route not found!
2021-06-18T12:10:07.635Z - error: Route not found!
2021-06-18T12:10:37.283Z - error: Route not found!
2021-06-18T12:11:19.283Z - error: Route not found!
2021-06-18T12:11:31.818Z - error: Route not found!
2021-06-18T12:13:49.433Z - info: MONGO: Mongoose disconnected!
2021-06-18T12:14:00.542Z - info: APPLICATION: Environment: local!
2021-06-18T12:14:00.545Z - info: MONGO: Connection attempted with local:local
2021-06-18T12:14:00.592Z - info: MONGO: Mongoose connected!
2021-06-18T12:14:00.796Z - info: NODE: HTTPS listening on port 8043.
2021-06-18T12:14:05.712Z - error: Route not found!
2021-06-18T12:44:47.342Z - error: Route not found!
2021-06-18T13:39:38.509Z - info: APPLICATION: Environment: local!
2021-06-18T13:39:38.513Z - info: MONGO: Connection attempted with local:local
2021-06-18T13:39:38.565Z - info: MONGO: Mongoose connected!
2021-06-18T13:39:38.767Z - info: NODE: HTTPS listening on port 8043.
2021-06-18T13:40:03.901Z - info: MONGO: Mongoose disconnected!
2021-06-18T13:40:10.202Z - info: APPLICATION: Environment: local!
2021-06-18T13:40:10.206Z - info: MONGO: Connection attempted with local:local
2021-06-18T13:40:10.250Z - info: MONGO: Mongoose connected!
2021-06-18T13:40:10.442Z - info: NODE: HTTPS listening on port 8043.
2021-06-18T13:51:56.668Z - info: APPLICATION: Environment: local!
2021-06-18T13:51:56.672Z - info: MONGO: Connection attempted with local:local
2021-06-18T13:51:56.721Z - info: MONGO: Mongoose connected!
2021-06-18T13:51:56.945Z - info: NODE: HTTPS listening on port 8043.
2021-06-18T14:07:31.661Z - error: Route not found!
2021-06-18T14:07:38.613Z - error: Route not found!
2021-06-18T15:25:47.006Z - info: APPLICATION: Environment: local!
2021-06-18T15:25:47.009Z - info: MONGO: Connection attempted with local:local
2021-06-18T15:25:47.057Z - info: MONGO: Mongoose connected!
2021-06-18T15:25:47.276Z - info: NODE: HTTPS listening on port 8043.
2021-06-18T15:30:21.783Z - info: MONGO: Mongoose disconnected!
2021-06-18T19:53:35.550Z - info: APPLICATION: Environment: local!
2021-06-18T19:53:35.554Z - info: MONGO: Connection attempted with local:local
2021-06-18T19:53:35.605Z - info: MONGO: Mongoose connected!
2021-06-18T19:53:35.828Z - info: NODE: HTTPS listening on port 8043.
2021-06-18T21:45:12.378Z - info: APPLICATION: Environment: local!
2021-06-18T21:45:12.381Z - info: MONGO: Connection attempted with local:local
2021-06-18T21:45:12.426Z - info: MONGO: Mongoose connected!
2021-06-18T21:45:12.622Z - info: NODE: HTTPS listening on port 8043.
2021-06-18T21:46:02.696Z - error: Route not found!
2021-06-18T21:46:02.748Z - error: Route not found!
2021-06-18T21:47:53.412Z - info: MONGO: Mongoose disconnected!
2021-06-18T21:48:00.551Z - info: APPLICATION: Environment: local!
2021-06-18T21:48:00.555Z - info: MONGO: Connection attempted with local:local
2021-06-18T21:48:00.606Z - info: MONGO: Mongoose connected!
2021-06-18T21:48:00.812Z - info: NODE: HTTPS listening on port 8043.
2021-06-18T21:49:24.258Z - info: MONGO: Mongoose disconnected!
2021-06-18T21:49:33.355Z - info: APPLICATION: Environment: local!
2021-06-18T21:49:33.359Z - info: MONGO: Connection attempted with local:local
2021-06-18T21:49:33.410Z - info: MONGO: Mongoose connected!
2021-06-18T21:49:33.603Z - info: NODE: HTTPS listening on port 8043.
2021-06-18T21:49:49.946Z - info: MONGO: Mongoose disconnected!
2021-06-18T21:49:57.049Z - info: APPLICATION: Environment: local!
2021-06-18T21:49:57.052Z - info: MONGO: Connection attempted with local:local
2021-06-18T21:49:57.102Z - info: MONGO: Mongoose connected!
2021-06-18T21:49:57.296Z - info: NODE: HTTPS listening on port 8043.
2021-06-18T21:51:21.454Z - info: MONGO: Mongoose disconnected!
2021-06-18T21:57:03.925Z - info: APPLICATION: Environment: local!
2021-06-18T21:57:03.929Z - info: MONGO: Connection attempted with local:local
2021-06-18T21:57:03.978Z - info: MONGO: Mongoose connected!
2021-06-18T21:57:04.170Z - info: NODE: HTTPS listening on port 8043.
