2021-06-25T07:46:46.361Z - info: APPLICATION: Environment: local!
2021-06-25T07:46:46.365Z - info: MONGO: Connection attempted with local:local
2021-06-25T07:46:46.417Z - info: MONGO: Mongoose connected!
2021-06-25T07:46:46.658Z - info: NODE: HTTPS listening on port 8043.
2021-06-25T07:57:05.517Z - info: MONGO: Mongoose disconnected!
2021-06-25T07:57:10.508Z - info: APPLICATION: Environment: local!
2021-06-25T07:57:10.511Z - info: MONGO: Connection attempted with local:local
2021-06-25T07:57:10.563Z - info: MONGO: Mongoose connected!
2021-06-25T07:57:10.755Z - info: NODE: HTTPS listening on port 8043.
2021-06-25T08:24:12.617Z - info: MONGO: Mongoose disconnected!
2021-06-25T08:51:20.769Z - info: APPLICATION: Environment: local!
2021-06-25T08:51:20.850Z - info: MONGO: Connection attempted with local:local
2021-06-25T08:51:20.920Z - info: MONGO: Mongoose connected!
2021-06-25T08:51:21.344Z - info: NODE: HTTPS listening on port 8043.
2021-06-25T09:03:57.061Z - info: MONGO: Mongoose disconnected!
2021-06-25T09:04:01.878Z - info: APPLICATION: Environment: local!
2021-06-25T09:04:01.882Z - info: MONGO: Connection attempted with local:local
2021-06-25T09:04:01.928Z - info: MONGO: Mongoose connected!
2021-06-25T09:04:02.122Z - info: NODE: HTTPS listening on port 8043.
2021-06-25T09:38:18.850Z - info: MONGO: Mongoose disconnected!
2021-06-25T09:38:25.340Z - info: APPLICATION: Environment: local!
2021-06-25T09:38:25.344Z - info: MONGO: Connection attempted with local:local
2021-06-25T09:38:25.393Z - info: MONGO: Mongoose connected!
2021-06-25T09:38:25.588Z - info: NODE: HTTPS listening on port 8043.
2021-06-25T09:38:46.378Z - info: MONGO: Mongoose disconnected!
2021-06-25T09:40:58.462Z - info: APPLICATION: Environment: local!
2021-06-25T09:40:58.465Z - info: MONGO: Connection attempted with local:local
2021-06-25T09:40:58.511Z - info: MONGO: Mongoose connected!
2021-06-25T09:40:58.711Z - info: NODE: HTTPS listening on port 8043.
2021-06-25T09:41:00.332Z - info: MONGO: Mongoose disconnected!
2021-06-25T09:41:12.622Z - info: APPLICATION: Environment: local!
2021-06-25T09:41:12.626Z - info: MONGO: Connection attempted with local:local
2021-06-25T09:41:12.672Z - info: MONGO: Mongoose connected!
2021-06-25T09:41:12.873Z - info: NODE: HTTPS listening on port 8043.
2021-06-25T09:41:50.468Z - info: MONGO: Mongoose disconnected!
2021-06-25T09:58:48.893Z - info: APPLICATION: Environment: local!
2021-06-25T09:58:48.896Z - info: MONGO: Connection attempted with local:local
2021-06-25T09:58:48.940Z - info: MONGO: Mongoose connected!
2021-06-25T09:58:49.144Z - info: NODE: HTTPS listening on port 8043.
2021-06-25T10:00:55.177Z - info: MONGO: Mongoose disconnected!
2021-06-25T10:02:00.901Z - info: APPLICATION: Environment: local!
2021-06-25T10:02:00.904Z - info: MONGO: Connection attempted with local:local
2021-06-25T10:02:00.951Z - info: MONGO: Mongoose connected!
2021-06-25T10:02:01.157Z - info: NODE: HTTPS listening on port 8043.
2021-06-25T10:02:47.486Z - info: MONGO: Mongoose disconnected!
2021-06-25T11:02:23.140Z - info: APPLICATION: Environment: local!
2021-06-25T11:02:23.143Z - info: MONGO: Connection attempted with local:local
2021-06-25T11:02:23.194Z - info: MONGO: Mongoose connected!
2021-06-25T11:02:23.396Z - info: NODE: HTTPS listening on port 8043.
2021-06-25T11:33:12.786Z - info: MONGO: Mongoose disconnected!
2021-06-25T12:03:57.791Z - info: APPLICATION: Environment: local!
2021-06-25T12:03:57.794Z - info: MONGO: Connection attempted with local:local
2021-06-25T12:03:57.845Z - info: MONGO: Mongoose connected!
2021-06-25T12:03:58.036Z - info: NODE: HTTPS listening on port 8043.
2021-06-25T12:05:28.967Z - info: MONGO: Mongoose disconnected!
2021-06-25T12:05:34.657Z - info: APPLICATION: Environment: local!
2021-06-25T12:05:34.661Z - info: MONGO: Connection attempted with local:local
2021-06-25T12:05:34.711Z - info: MONGO: Mongoose connected!
2021-06-25T12:05:34.904Z - info: NODE: HTTPS listening on port 8043.
2021-06-25T12:05:41.003Z - info: MONGO: Mongoose disconnected!
2021-06-25T12:06:13.571Z - info: APPLICATION: Environment: local!
2021-06-25T12:06:13.575Z - info: MONGO: Connection attempted with local:local
2021-06-25T12:06:13.625Z - info: MONGO: Mongoose connected!
2021-06-25T12:06:13.815Z - info: NODE: HTTPS listening on port 8043.
2021-06-25T12:06:49.449Z - info: MONGO: Mongoose disconnected!
2021-06-25T12:07:07.307Z - info: APPLICATION: Environment: local!
2021-06-25T12:07:07.311Z - info: MONGO: Connection attempted with local:local
2021-06-25T12:07:07.360Z - info: MONGO: Mongoose connected!
2021-06-25T12:07:07.554Z - info: NODE: HTTPS listening on port 8043.
2021-06-25T12:07:08.988Z - info: MONGO: Mongoose disconnected!
2021-06-25T12:08:09.399Z - info: APPLICATION: Environment: local!
2021-06-25T12:08:09.402Z - info: MONGO: Connection attempted with local:local
2021-06-25T12:08:09.447Z - info: MONGO: Mongoose connected!
2021-06-25T12:08:09.647Z - info: NODE: HTTPS listening on port 8043.
2021-06-25T12:08:18.334Z - info: MONGO: Mongoose disconnected!
2021-06-25T12:10:36.531Z - info: APPLICATION: Environment: local!
2021-06-25T12:10:36.535Z - info: MONGO: Connection attempted with local:local
2021-06-25T12:10:36.583Z - info: MONGO: Mongoose connected!
2021-06-25T12:10:36.774Z - info: NODE: HTTPS listening on port 8043.
2021-06-25T12:10:57.972Z - info: MONGO: Mongoose disconnected!
2021-06-25T12:12:22.220Z - info: APPLICATION: Environment: local!
2021-06-25T12:12:22.224Z - info: MONGO: Connection attempted with local:local
2021-06-25T12:12:22.275Z - info: MONGO: Mongoose connected!
2021-06-25T12:12:22.464Z - info: NODE: HTTPS listening on port 8043.
2021-06-25T12:12:30.637Z - info: MONGO: Mongoose disconnected!
2021-06-25T12:13:11.228Z - info: APPLICATION: Environment: local!
2021-06-25T12:13:11.231Z - info: MONGO: Connection attempted with local:local
2021-06-25T12:13:11.276Z - info: MONGO: Mongoose connected!
2021-06-25T12:13:11.472Z - info: NODE: HTTPS listening on port 8043.
2021-06-25T12:13:38.009Z - info: MONGO: Mongoose disconnected!
2021-06-25T12:14:48.984Z - info: APPLICATION: Environment: local!
2021-06-25T12:14:48.987Z - info: MONGO: Connection attempted with local:local
2021-06-25T12:14:49.035Z - info: MONGO: Mongoose connected!
2021-06-25T12:14:49.229Z - info: NODE: HTTPS listening on port 8043.
2021-06-25T12:15:07.109Z - info: MONGO: Mongoose disconnected!
2021-06-25T12:37:12.421Z - info: APPLICATION: Environment: local!
2021-06-25T12:37:12.424Z - info: MONGO: Connection attempted with local:local
2021-06-25T12:37:12.473Z - info: MONGO: Mongoose connected!
2021-06-25T12:37:12.674Z - info: NODE: HTTPS listening on port 8043.
2021-06-25T12:38:26.429Z - info: MONGO: Mongoose disconnected!
2021-06-25T12:40:02.949Z - info: APPLICATION: Environment: local!
2021-06-25T12:40:02.953Z - info: MONGO: Connection attempted with local:local
2021-06-25T12:40:03.006Z - info: MONGO: Mongoose connected!
2021-06-25T12:40:03.194Z - info: NODE: HTTPS listening on port 8043.
2021-06-25T12:43:49.995Z - info: MONGO: Mongoose disconnected!
2021-06-25T12:43:53.914Z - info: APPLICATION: Environment: local!
2021-06-25T12:43:53.917Z - info: MONGO: Connection attempted with local:local
2021-06-25T12:43:53.962Z - info: MONGO: Mongoose connected!
2021-06-25T12:43:54.157Z - info: NODE: HTTPS listening on port 8043.
2021-06-25T12:43:57.766Z - info: MONGO: Mongoose disconnected!
2021-06-25T12:45:26.858Z - info: APPLICATION: Environment: local!
2021-06-25T12:45:26.862Z - info: MONGO: Connection attempted with local:local
2021-06-25T12:45:26.909Z - info: MONGO: Mongoose connected!
2021-06-25T12:45:27.107Z - info: NODE: HTTPS listening on port 8043.
2021-06-25T12:45:53.965Z - info: MONGO: Mongoose disconnected!
2021-06-25T12:47:54.252Z - info: APPLICATION: Environment: local!
2021-06-25T12:47:54.256Z - info: MONGO: Connection attempted with local:local
2021-06-25T12:47:54.303Z - info: MONGO: Mongoose connected!
2021-06-25T12:47:54.509Z - info: NODE: HTTPS listening on port 8043.
2021-06-25T12:48:13.111Z - info: MONGO: Mongoose disconnected!
2021-06-25T12:52:02.673Z - info: APPLICATION: Environment: local!
2021-06-25T12:52:02.677Z - info: MONGO: Connection attempted with local:local
2021-06-25T12:52:02.723Z - info: MONGO: Mongoose connected!
2021-06-25T12:52:02.924Z - info: NODE: HTTPS listening on port 8043.
2021-06-25T12:55:36.031Z - info: MONGO: Mongoose disconnected!
2021-06-25T12:56:14.845Z - info: APPLICATION: Environment: local!
2021-06-25T12:56:14.849Z - info: MONGO: Connection attempted with local:local
2021-06-25T12:56:14.898Z - info: MONGO: Mongoose connected!
2021-06-25T12:56:15.096Z - info: NODE: HTTPS listening on port 8043.
2021-06-25T12:56:30.917Z - info: MONGO: Mongoose disconnected!
2021-06-25T12:57:38.413Z - info: APPLICATION: Environment: local!
2021-06-25T12:57:38.417Z - info: MONGO: Connection attempted with local:local
2021-06-25T12:57:38.462Z - info: MONGO: Mongoose connected!
2021-06-25T12:57:38.657Z - info: NODE: HTTPS listening on port 8043.
2021-06-25T12:58:31.085Z - info: MONGO: Mongoose disconnected!
2021-06-25T12:59:09.931Z - info: APPLICATION: Environment: local!
2021-06-25T12:59:09.934Z - info: MONGO: Connection attempted with local:local
2021-06-25T12:59:09.984Z - info: MONGO: Mongoose connected!
2021-06-25T12:59:10.177Z - info: NODE: HTTPS listening on port 8043.
2021-06-25T13:00:22.544Z - info: MONGO: Mongoose disconnected!
2021-06-25T19:18:52.442Z - info: APPLICATION: Environment: local!
2021-06-25T19:18:52.445Z - info: MONGO: Connection attempted with local:local
2021-06-25T19:18:52.496Z - info: MONGO: Mongoose connected!
2021-06-25T19:18:52.707Z - info: NODE: HTTPS listening on port 8043.
2021-06-25T19:20:11.372Z - info: MONGO: Mongoose disconnected!
2021-06-25T19:35:43.512Z - info: APPLICATION: Environment: local!
2021-06-25T19:35:43.516Z - info: MONGO: Connection attempted with local:local
2021-06-25T19:35:43.562Z - info: MONGO: Mongoose connected!
2021-06-25T19:35:43.764Z - info: NODE: HTTPS listening on port 8043.
2021-06-25T19:36:33.932Z - info: MONGO: Mongoose disconnected!
2021-06-25T19:39:32.317Z - info: APPLICATION: Environment: local!
2021-06-25T19:39:32.321Z - info: MONGO: Connection attempted with local:local
2021-06-25T19:39:32.369Z - info: MONGO: Mongoose connected!
2021-06-25T19:39:32.568Z - info: NODE: HTTPS listening on port 8043.
2021-06-25T19:40:02.828Z - error: Route not found!
2021-06-25T19:40:32.673Z - info: MONGO: Mongoose disconnected!
2021-06-25T19:40:38.199Z - info: APPLICATION: Environment: local!
2021-06-25T19:40:38.202Z - info: MONGO: Connection attempted with local:local
2021-06-25T19:40:38.249Z - info: MONGO: Mongoose connected!
2021-06-25T19:40:38.463Z - info: NODE: HTTPS listening on port 8043.
2021-06-25T19:42:47.124Z - info: MONGO: Mongoose disconnected!
2021-06-25T19:50:21.128Z - info: APPLICATION: Environment: local!
2021-06-25T19:50:21.131Z - info: MONGO: Connection attempted with local:local
2021-06-25T19:50:21.181Z - info: MONGO: Mongoose connected!
2021-06-25T19:50:21.375Z - info: NODE: HTTPS listening on port 8043.
2021-06-25T20:21:17.064Z - info: MONGO: Mongoose disconnected!
2021-06-25T20:21:23.704Z - info: APPLICATION: Environment: local!
2021-06-25T20:21:23.708Z - info: MONGO: Connection attempted with local:local
2021-06-25T20:21:23.765Z - info: MONGO: Mongoose connected!
2021-06-25T20:21:23.965Z - info: NODE: HTTPS listening on port 8043.
2021-06-25T20:27:37.110Z - info: MONGO: Mongoose disconnected!
2021-06-25T20:27:42.643Z - info: APPLICATION: Environment: local!
2021-06-25T20:27:42.647Z - info: MONGO: Connection attempted with local:local
2021-06-25T20:27:42.693Z - info: MONGO: Mongoose connected!
2021-06-25T20:27:42.897Z - info: NODE: HTTPS listening on port 8043.
2021-06-25T20:28:03.004Z - info: MONGO: Mongoose disconnected!
2021-06-25T20:28:06.800Z - info: APPLICATION: Environment: local!
2021-06-25T20:28:06.804Z - info: MONGO: Connection attempted with local:local
2021-06-25T20:28:06.854Z - info: MONGO: Mongoose connected!
2021-06-25T20:28:07.053Z - info: NODE: HTTPS listening on port 8043.
