2021-06-24T07:22:29.226Z - info: MONGO: Mongoose disconnected!
2021-06-24T07:38:50.913Z - info: APPLICATION: Environment: local!
2021-06-24T07:38:50.917Z - info: MONGO: Connection attempted with local:local
2021-06-24T07:38:50.967Z - info: MONGO: Mongoose connected!
2021-06-24T07:38:51.174Z - info: NODE: HTTPS listening on port 8043.
2021-06-24T08:17:49.941Z - info: MONGO: Mongoose disconnected!
2021-06-24T08:36:47.945Z - info: APPLICATION: Environment: local!
2021-06-24T08:36:47.949Z - info: MONGO: Connection attempted with local:local
2021-06-24T08:36:48.017Z - info: MONGO: Mongoose connected!
2021-06-24T08:36:48.239Z - info: NODE: HTTPS listening on port 8043.
2021-06-24T11:24:17.261Z - error: Route not found!
2021-06-24T11:26:37.659Z - error: Route not found!
2021-06-24T13:05:10.017Z - error: Route not found!
2021-06-24T13:05:35.231Z - error: Route not found!
2021-06-24T13:10:04.880Z - error: Route not found!
2021-06-24T13:10:32.174Z - error: Route not found!
2021-06-24T13:10:56.964Z - error: Route not found!
2021-06-24T13:12:13.213Z - info: MONGO: Mongoose disconnected!
2021-06-24T13:12:18.049Z - info: APPLICATION: Environment: local!
2021-06-24T13:12:18.052Z - info: MONGO: Connection attempted with local:local
2021-06-24T13:12:18.104Z - info: MONGO: Mongoose connected!
2021-06-24T13:12:18.295Z - info: NODE: HTTPS listening on port 8043.
2021-06-24T13:12:35.399Z - error: Route not found!
2021-06-24T13:13:17.512Z - error: Route not found!
2021-06-24T13:18:05.796Z - error: Route not found!
2021-06-24T13:38:01.373Z - error: Route not found!
2021-06-24T13:41:09.732Z - error: Route not found!
2021-06-24T13:54:01.180Z - error: Route not found!
2021-06-24T13:58:03.481Z - error: Route not found!
2021-06-24T14:04:50.497Z - error: Route not found!
2021-06-24T14:07:03.987Z - error: Route not found!
2021-06-24T14:11:05.315Z - error: Route not found!
2021-06-24T14:12:33.080Z - error: Route not found!
2021-06-24T14:18:34.933Z - error: Route not found!
2021-06-24T14:20:13.808Z - error: Route not found!
2021-06-24T14:22:02.234Z - info: MONGO: Mongoose disconnected!
2021-06-24T14:23:12.885Z - info: APPLICATION: Environment: local!
2021-06-24T14:23:12.888Z - info: MONGO: Connection attempted with local:local
2021-06-24T14:23:12.943Z - info: MONGO: Mongoose connected!
2021-06-24T14:23:13.141Z - info: NODE: HTTPS listening on port 8043.
2021-06-24T14:23:33.026Z - error: Route not found!
2021-06-24T15:52:26.000Z - info: APPLICATION: Environment: local!
2021-06-24T15:52:26.021Z - info: MONGO: Connection attempted with local:local
2021-06-24T15:52:26.120Z - info: MONGO: Mongoose connected!
2021-06-24T15:52:26.336Z - info: NODE: HTTPS listening on port 8043.
2021-06-24T15:54:28.038Z - error: Route not found!
2021-06-24T15:58:41.973Z - info: MONGO: Mongoose disconnected!
2021-06-24T15:59:06.992Z - info: APPLICATION: Environment: local!
2021-06-24T15:59:06.995Z - info: MONGO: Connection attempted with local:local
2021-06-24T15:59:07.041Z - info: MONGO: Mongoose connected!
2021-06-24T15:59:07.239Z - info: NODE: HTTPS listening on port 8043.
