2021-07-05T07:04:06.273Z - info: APPLICATION: Environment: local!
2021-07-05T07:04:06.276Z - info: MONGO: Connection attempted with local:local
2021-07-05T07:04:06.336Z - info: MONGO: Mongoose connected!
2021-07-05T07:04:06.558Z - info: NODE: HTTPS listening on port 8043.
2021-07-05T07:06:27.987Z - info: MONGO: Mongoose disconnected!
2021-07-05T07:06:35.127Z - info: APPLICATION: Environment: local!
2021-07-05T07:06:35.131Z - info: MONGO: Connection attempted with local:local
2021-07-05T07:06:35.174Z - info: MONGO: Mongoose connected!
2021-07-05T07:06:35.375Z - info: NODE: HTTPS listening on port 8043.
2021-07-05T07:08:01.123Z - error: Route not found!
2021-07-05T07:12:30.761Z - error: 
  Url: /api/weather
  Internal Server Error: Cannot read property 'coord' of undefined.
2021-07-05T07:12:38.215Z - error: 
  Url: /api/weather
  Payload: "asadasds"
  Internal Server Error: Cannot read property 'coord' of undefined.
2021-07-05T07:17:00.609Z - error: 
  Url: /api/weather
  Internal Server Error: Cannot read property 'coord' of undefined.
2021-07-05T07:19:09.666Z - error: 
  Url: /api/weather
  Internal Server Error: Cannot read property 'coord' of undefined.
2021-07-05T07:23:37.354Z - error: 
  Url: /api/weather
  Payload: "ds"
  Internal Server Error: Cannot read property 'coord' of undefined.
2021-07-05T07:30:46.874Z - error: 
  Url: /api/weather
  Payload: "nesto"
  Internal Server Error: Cannot read property 'coord' of undefined.
2021-07-05T07:51:13.014Z - error: 
  Url: /api/weather
  Payload: "nemna"
  Internal Server Error: Cannot read property 'coord' of undefined.
2021-07-05T08:21:29.883Z - error: 
  Url: /api/weather
  Payload: "Barcelo"
  Internal Server Error: Cannot read property 'coord' of undefined.
2021-07-05T08:43:16.734Z - error: 
  Url: /api/weather
  Payload: "lo"
  Internal Server Error: Cannot read property 'coord' of undefined.
2021-07-05T08:44:01.347Z - error: 
  Url: /api/weather
  Payload: "lo"
  Internal Server Error: Cannot read property 'coord' of undefined.
2021-07-05T08:46:10.443Z - error: 
  Url: /api/weather
  Payload: "lo"
  Internal Server Error: Cannot read property 'coord' of undefined.
2021-07-05T08:47:17.905Z - error: 
  Url: /api/weather
  Payload: "lo"
  Internal Server Error: Cannot read property 'coord' of undefined.
2021-07-05T08:47:58.174Z - error: 
  Url: /api/weather
  Payload: "lo"
  Internal Server Error: Cannot read property 'coord' of undefined.
2021-07-05T08:51:12.289Z - info: MONGO: Mongoose disconnected!
2021-07-05T08:51:17.127Z - info: APPLICATION: Environment: local!
2021-07-05T08:51:17.130Z - info: MONGO: Connection attempted with local:local
2021-07-05T08:51:17.184Z - info: MONGO: Mongoose connected!
2021-07-05T08:51:17.391Z - info: NODE: HTTPS listening on port 8043.
2021-07-05T08:51:55.741Z - info: MONGO: Mongoose disconnected!
2021-07-05T08:52:00.117Z - info: APPLICATION: Environment: local!
2021-07-05T08:52:00.121Z - info: MONGO: Connection attempted with local:local
2021-07-05T08:52:00.167Z - info: MONGO: Mongoose connected!
2021-07-05T08:52:00.366Z - info: NODE: HTTPS listening on port 8043.
2021-07-05T11:43:32.153Z - info: APPLICATION: Environment: local!
2021-07-05T11:43:32.157Z - info: MONGO: Connection attempted with local:local
2021-07-05T11:43:32.195Z - info: MONGO: Mongoose connected!
2021-07-05T11:43:32.396Z - info: NODE: HTTPS listening on port 8043.
2021-07-05T11:47:05.147Z - info: MONGO: Mongoose disconnected!
2021-07-05T11:47:09.809Z - info: APPLICATION: Environment: local!
2021-07-05T11:47:09.812Z - info: MONGO: Connection attempted with local:local
2021-07-05T11:47:09.859Z - info: MONGO: Mongoose connected!
2021-07-05T11:47:10.058Z - info: NODE: HTTPS listening on port 8043.
2021-07-05T14:47:44.404Z - info: APPLICATION: Environment: local!
2021-07-05T14:47:44.436Z - info: MONGO: Connection attempted with local:local
2021-07-05T14:47:44.530Z - info: MONGO: Mongoose connected!
2021-07-05T14:47:44.765Z - info: NODE: HTTPS listening on port 8043.
2021-07-05T14:56:46.167Z - info: MONGO: Mongoose disconnected!
2021-07-05T14:56:51.397Z - info: APPLICATION: Environment: local!
2021-07-05T14:56:51.401Z - info: MONGO: Connection attempted with local:local
2021-07-05T14:56:51.446Z - info: MONGO: Mongoose connected!
2021-07-05T14:56:51.651Z - info: NODE: HTTPS listening on port 8043.
